[2025-07-02 18:27:54] local.ERROR: SQLSTATE[HY000] [1698] Access denied for user 'root'@'localhost' (Connection: mysql, SQL: select * from `sessions` where `id` = aTjZFit0SNrMXOZhHPdlAQlnvUNuz2JkUck0jE2g limit 1) {"exception":"[object] (Illuminate\\Database\\QueryException(code: 1698): SQLSTATE[HY000] [1698] Access denied for user 'root'@'localhost' (Connection: mysql, SQL: select * from `sessions` where `id` = aTjZFit0SNrMXOZhHPdlAQlnvUNuz2JkUck0jE2g limit 1) at /media/vanny/DATA/BELTIE-YEAR-II/Semster2/Professional_Web_Devolopment_System/vendor/laravel/framework/src/Illuminate/Database/Connection.php:823)
[stacktrace]
#0 /media/vanny/DATA/BELTIE-YEAR-II/Semster2/Professional_Web_Devolopment_System/vendor/laravel/framework/src/Illuminate/Database/Connection.php(777): Illuminate\\Database\\Connection->runQueryCallback()
#1 /media/vanny/DATA/BELTIE-YEAR-II/Semster2/Professional_Web_Devolopment_System/vendor/laravel/framework/src/Illuminate/Database/Connection.php(396): Illuminate\\Database\\Connection->run()
#2 /media/vanny/DATA/BELTIE-YEAR-II/Semster2/Professional_Web_Devolopment_System/vendor/laravel/framework/src/Illuminate/Database/Query/Builder.php(3105): Illuminate\\Database\\Connection->select()
#3 /media/vanny/DATA/BELTIE-YEAR-II/Semster2/Professional_Web_Devolopment_System/vendor/laravel/framework/src/Illuminate/Database/Query/Builder.php(3090): Illuminate\\Database\\Query\\Builder->runSelect()
#4 /media/vanny/DATA/BELTIE-YEAR-II/Semster2/Professional_Web_Devolopment_System/vendor/laravel/framework/src/Illuminate/Database/Query/Builder.php(3677): Illuminate\\Database\\Query\\Builder->Illuminate\\Database\\Query\\{closure}()
#5 /media/vanny/DATA/BELTIE-YEAR-II/Semster2/Professional_Web_Devolopment_System/vendor/laravel/framework/src/Illuminate/Database/Query/Builder.php(3089): Illuminate\\Database\\Query\\Builder->onceWithColumns()
#6 /media/vanny/DATA/BELTIE-YEAR-II/Semster2/Professional_Web_Devolopment_System/vendor/laravel/framework/src/Illuminate/Database/Concerns/BuildsQueries.php(366): Illuminate\\Database\\Query\\Builder->get()
#7 /media/vanny/DATA/BELTIE-YEAR-II/Semster2/Professional_Web_Devolopment_System/vendor/laravel/framework/src/Illuminate/Database/Query/Builder.php(3012): Illuminate\\Database\\Query\\Builder->first()
#8 /media/vanny/DATA/BELTIE-YEAR-II/Semster2/Professional_Web_Devolopment_System/vendor/laravel/framework/src/Illuminate/Session/DatabaseSessionHandler.php(97): Illuminate\\Database\\Query\\Builder->find()
#9 /media/vanny/DATA/BELTIE-YEAR-II/Semster2/Professional_Web_Devolopment_System/vendor/laravel/framework/src/Illuminate/Session/Store.php(117): Illuminate\\Session\\DatabaseSessionHandler->read()
#10 /media/vanny/DATA/BELTIE-YEAR-II/Semster2/Professional_Web_Devolopment_System/vendor/laravel/framework/src/Illuminate/Session/Store.php(105): Illuminate\\Session\\Store->readFromHandler()
#11 /media/vanny/DATA/BELTIE-YEAR-II/Semster2/Professional_Web_Devolopment_System/vendor/laravel/framework/src/Illuminate/Session/Store.php(89): Illuminate\\Session\\Store->loadSession()
#12 /media/vanny/DATA/BELTIE-YEAR-II/Semster2/Professional_Web_Devolopment_System/vendor/laravel/framework/src/Illuminate/Session/Middleware/StartSession.php(147): Illuminate\\Session\\Store->start()
#13 /media/vanny/DATA/BELTIE-YEAR-II/Semster2/Professional_Web_Devolopment_System/vendor/laravel/framework/src/Illuminate/Support/helpers.php(399): Illuminate\\Session\\Middleware\\StartSession->Illuminate\\Session\\Middleware\\{closure}()
#14 /media/vanny/DATA/BELTIE-YEAR-II/Semster2/Professional_Web_Devolopment_System/vendor/laravel/framework/src/Illuminate/Session/Middleware/StartSession.php(144): tap()
#15 /media/vanny/DATA/BELTIE-YEAR-II/Semster2/Professional_Web_Devolopment_System/vendor/laravel/framework/src/Illuminate/Session/Middleware/StartSession.php(116): Illuminate\\Session\\Middleware\\StartSession->startSession()
#16 /media/vanny/DATA/BELTIE-YEAR-II/Semster2/Professional_Web_Devolopment_System/vendor/laravel/framework/src/Illuminate/Session/Middleware/StartSession.php(64): Illuminate\\Session\\Middleware\\StartSession->handleStatefulRequest()
#17 /media/vanny/DATA/BELTIE-YEAR-II/Semster2/Professional_Web_Devolopment_System/vendor/laravel/framework/src/Illuminate/Pipeline/Pipeline.php(209): Illuminate\\Session\\Middleware\\StartSession->handle()
#18 /media/vanny/DATA/BELTIE-YEAR-II/Semster2/Professional_Web_Devolopment_System/vendor/laravel/framework/src/Illuminate/Cookie/Middleware/AddQueuedCookiesToResponse.php(37): Illuminate\\Pipeline\\Pipeline->Illuminate\\Pipeline\\{closure}()
#19 /media/vanny/DATA/BELTIE-YEAR-II/Semster2/Professional_Web_Devolopment_System/vendor/laravel/framework/src/Illuminate/Pipeline/Pipeline.php(209): Illuminate\\Cookie\\Middleware\\AddQueuedCookiesToResponse->handle()
#20 /media/vanny/DATA/BELTIE-YEAR-II/Semster2/Professional_Web_Devolopment_System/vendor/laravel/framework/src/Illuminate/Cookie/Middleware/EncryptCookies.php(75): Illuminate\\Pipeline\\Pipeline->Illuminate\\Pipeline\\{closure}()
#21 /media/vanny/DATA/BELTIE-YEAR-II/Semster2/Professional_Web_Devolopment_System/vendor/laravel/framework/src/Illuminate/Pipeline/Pipeline.php(209): Illuminate\\Cookie\\Middleware\\EncryptCookies->handle()
#22 /media/vanny/DATA/BELTIE-YEAR-II/Semster2/Professional_Web_Devolopment_System/vendor/laravel/framework/src/Illuminate/Pipeline/Pipeline.php(127): Illuminate\\Pipeline\\Pipeline->Illuminate\\Pipeline\\{closure}()
#23 /media/vanny/DATA/BELTIE-YEAR-II/Semster2/Professional_Web_Devolopment_System/vendor/laravel/framework/src/Illuminate/Routing/Router.php(808): Illuminate\\Pipeline\\Pipeline->then()
#24 /media/vanny/DATA/BELTIE-YEAR-II/Semster2/Professional_Web_Devolopment_System/vendor/laravel/framework/src/Illuminate/Routing/Router.php(787): Illuminate\\Routing\\Router->runRouteWithinStack()
#25 /media/vanny/DATA/BELTIE-YEAR-II/Semster2/Professional_Web_Devolopment_System/vendor/laravel/framework/src/Illuminate/Routing/Router.php(751): Illuminate\\Routing\\Router->runRoute()
#26 /media/vanny/DATA/BELTIE-YEAR-II/Semster2/Professional_Web_Devolopment_System/vendor/laravel/framework/src/Illuminate/Routing/Router.php(740): Illuminate\\Routing\\Router->dispatchToRoute()
#27 /media/vanny/DATA/BELTIE-YEAR-II/Semster2/Professional_Web_Devolopment_System/vendor/laravel/framework/src/Illuminate/Foundation/Http/Kernel.php(201): Illuminate\\Routing\\Router->dispatch()
#28 /media/vanny/DATA/BELTIE-YEAR-II/Semster2/Professional_Web_Devolopment_System/vendor/laravel/framework/src/Illuminate/Pipeline/Pipeline.php(170): Illuminate\\Foundation\\Http\\Kernel->Illuminate\\Foundation\\Http\\{closure}()
#29 /media/vanny/DATA/BELTIE-YEAR-II/Semster2/Professional_Web_Devolopment_System/vendor/barryvdh/laravel-debugbar/src/Middleware/InjectDebugbar.php(66): Illuminate\\Pipeline\\Pipeline->Illuminate\\Pipeline\\{closure}()
#30 /media/vanny/DATA/BELTIE-YEAR-II/Semster2/Professional_Web_Devolopment_System/vendor/laravel/framework/src/Illuminate/Pipeline/Pipeline.php(209): Barryvdh\\Debugbar\\Middleware\\InjectDebugbar->handle()
#31 /media/vanny/DATA/BELTIE-YEAR-II/Semster2/Professional_Web_Devolopment_System/vendor/laravel/framework/src/Illuminate/Foundation/Http/Middleware/TransformsRequest.php(21): Illuminate\\Pipeline\\Pipeline->Illuminate\\Pipeline\\{closure}()
#32 /media/vanny/DATA/BELTIE-YEAR-II/Semster2/Professional_Web_Devolopment_System/vendor/laravel/framework/src/Illuminate/Foundation/Http/Middleware/ConvertEmptyStringsToNull.php(31): Illuminate\\Foundation\\Http\\Middleware\\TransformsRequest->handle()
#33 /media/vanny/DATA/BELTIE-YEAR-II/Semster2/Professional_Web_Devolopment_System/vendor/laravel/framework/src/Illuminate/Pipeline/Pipeline.php(209): Illuminate\\Foundation\\Http\\Middleware\\ConvertEmptyStringsToNull->handle()
#34 /media/vanny/DATA/BELTIE-YEAR-II/Semster2/Professional_Web_Devolopment_System/vendor/laravel/framework/src/Illuminate/Foundation/Http/Middleware/TransformsRequest.php(21): Illuminate\\Pipeline\\Pipeline->Illuminate\\Pipeline\\{closure}()
#35 /media/vanny/DATA/BELTIE-YEAR-II/Semster2/Professional_Web_Devolopment_System/vendor/laravel/framework/src/Illuminate/Foundation/Http/Middleware/TrimStrings.php(51): Illuminate\\Foundation\\Http\\Middleware\\TransformsRequest->handle()
#36 /media/vanny/DATA/BELTIE-YEAR-II/Semster2/Professional_Web_Devolopment_System/vendor/laravel/framework/src/Illuminate/Pipeline/Pipeline.php(209): Illuminate\\Foundation\\Http\\Middleware\\TrimStrings->handle()
#37 /media/vanny/DATA/BELTIE-YEAR-II/Semster2/Professional_Web_Devolopment_System/vendor/laravel/framework/src/Illuminate/Http/Middleware/ValidatePostSize.php(27): Illuminate\\Pipeline\\Pipeline->Illuminate\\Pipeline\\{closure}()
#38 /media/vanny/DATA/BELTIE-YEAR-II/Semster2/Professional_Web_Devolopment_System/vendor/laravel/framework/src/Illuminate/Pipeline/Pipeline.php(209): Illuminate\\Http\\Middleware\\ValidatePostSize->handle()
#39 /media/vanny/DATA/BELTIE-YEAR-II/Semster2/Professional_Web_Devolopment_System/vendor/laravel/framework/src/Illuminate/Foundation/Http/Middleware/PreventRequestsDuringMaintenance.php(110): Illuminate\\Pipeline\\Pipeline->Illuminate\\Pipeline\\{closure}()
#40 /media/vanny/DATA/BELTIE-YEAR-II/Semster2/Professional_Web_Devolopment_System/vendor/laravel/framework/src/Illuminate/Pipeline/Pipeline.php(209): Illuminate\\Foundation\\Http\\Middleware\\PreventRequestsDuringMaintenance->handle()
#41 /media/vanny/DATA/BELTIE-YEAR-II/Semster2/Professional_Web_Devolopment_System/vendor/laravel/framework/src/Illuminate/Http/Middleware/HandleCors.php(49): Illuminate\\Pipeline\\Pipeline->Illuminate\\Pipeline\\{closure}()
#42 /media/vanny/DATA/BELTIE-YEAR-II/Semster2/Professional_Web_Devolopment_System/vendor/laravel/framework/src/Illuminate/Pipeline/Pipeline.php(209): Illuminate\\Http\\Middleware\\HandleCors->handle()
#43 /media/vanny/DATA/BELTIE-YEAR-II/Semster2/Professional_Web_Devolopment_System/vendor/laravel/framework/src/Illuminate/Http/Middleware/TrustProxies.php(58): Illuminate\\Pipeline\\Pipeline->Illuminate\\Pipeline\\{closure}()
#44 /media/vanny/DATA/BELTIE-YEAR-II/Semster2/Professional_Web_Devolopment_System/vendor/laravel/framework/src/Illuminate/Pipeline/Pipeline.php(209): Illuminate\\Http\\Middleware\\TrustProxies->handle()
#45 /media/vanny/DATA/BELTIE-YEAR-II/Semster2/Professional_Web_Devolopment_System/vendor/laravel/framework/src/Illuminate/Foundation/Http/Middleware/InvokeDeferredCallbacks.php(22): Illuminate\\Pipeline\\Pipeline->Illuminate\\Pipeline\\{closure}()
#46 /media/vanny/DATA/BELTIE-YEAR-II/Semster2/Professional_Web_Devolopment_System/vendor/laravel/framework/src/Illuminate/Pipeline/Pipeline.php(209): Illuminate\\Foundation\\Http\\Middleware\\InvokeDeferredCallbacks->handle()
#47 /media/vanny/DATA/BELTIE-YEAR-II/Semster2/Professional_Web_Devolopment_System/vendor/laravel/framework/src/Illuminate/Http/Middleware/ValidatePathEncoding.php(26): Illuminate\\Pipeline\\Pipeline->Illuminate\\Pipeline\\{closure}()
#48 /media/vanny/DATA/BELTIE-YEAR-II/Semster2/Professional_Web_Devolopment_System/vendor/laravel/framework/src/Illuminate/Pipeline/Pipeline.php(209): Illuminate\\Http\\Middleware\\ValidatePathEncoding->handle()
#49 /media/vanny/DATA/BELTIE-YEAR-II/Semster2/Professional_Web_Devolopment_System/vendor/laravel/framework/src/Illuminate/Pipeline/Pipeline.php(127): Illuminate\\Pipeline\\Pipeline->Illuminate\\Pipeline\\{closure}()
#50 /media/vanny/DATA/BELTIE-YEAR-II/Semster2/Professional_Web_Devolopment_System/vendor/laravel/framework/src/Illuminate/Foundation/Http/Kernel.php(176): Illuminate\\Pipeline\\Pipeline->then()
#51 /media/vanny/DATA/BELTIE-YEAR-II/Semster2/Professional_Web_Devolopment_System/vendor/laravel/framework/src/Illuminate/Foundation/Http/Kernel.php(145): Illuminate\\Foundation\\Http\\Kernel->sendRequestThroughRouter()
#52 /media/vanny/DATA/BELTIE-YEAR-II/Semster2/Professional_Web_Devolopment_System/vendor/laravel/framework/src/Illuminate/Foundation/Application.php(1220): Illuminate\\Foundation\\Http\\Kernel->handle()
#53 /media/vanny/DATA/BELTIE-YEAR-II/Semster2/Professional_Web_Devolopment_System/public/index.php(20): Illuminate\\Foundation\\Application->handleRequest()
#54 /media/vanny/DATA/BELTIE-YEAR-II/Semster2/Professional_Web_Devolopment_System/vendor/laravel/framework/src/Illuminate/Foundation/resources/server.php(23): require_once('...')
#55 {main}

[previous exception] [object] (PDOException(code: 1698): SQLSTATE[HY000] [1698] Access denied for user 'root'@'localhost' at /media/vanny/DATA/BELTIE-YEAR-II/Semster2/Professional_Web_Devolopment_System/vendor/laravel/framework/src/Illuminate/Database/Connectors/Connector.php:66)
[stacktrace]
#0 /media/vanny/DATA/BELTIE-YEAR-II/Semster2/Professional_Web_Devolopment_System/vendor/laravel/framework/src/Illuminate/Database/Connectors/Connector.php(66): PDO->__construct()
#1 /media/vanny/DATA/BELTIE-YEAR-II/Semster2/Professional_Web_Devolopment_System/vendor/laravel/framework/src/Illuminate/Database/Connectors/Connector.php(44): Illuminate\\Database\\Connectors\\Connector->createPdoConnection()
#2 /media/vanny/DATA/BELTIE-YEAR-II/Semster2/Professional_Web_Devolopment_System/vendor/laravel/framework/src/Illuminate/Database/Connectors/MySqlConnector.php(24): Illuminate\\Database\\Connectors\\Connector->createConnection()
#3 /media/vanny/DATA/BELTIE-YEAR-II/Semster2/Professional_Web_Devolopment_System/vendor/laravel/framework/src/Illuminate/Database/Connectors/ConnectionFactory.php(185): Illuminate\\Database\\Connectors\\MySqlConnector->connect()
#4 [internal function]: Illuminate\\Database\\Connectors\\ConnectionFactory->Illuminate\\Database\\Connectors\\{closure}()
#5 /media/vanny/DATA/BELTIE-YEAR-II/Semster2/Professional_Web_Devolopment_System/vendor/laravel/framework/src/Illuminate/Database/Connection.php(1229): call_user_func()
#6 /media/vanny/DATA/BELTIE-YEAR-II/Semster2/Professional_Web_Devolopment_System/vendor/laravel/framework/src/Illuminate/Database/Connection.php(510): Illuminate\\Database\\Connection->getPdo()
#7 /media/vanny/DATA/BELTIE-YEAR-II/Semster2/Professional_Web_Devolopment_System/vendor/laravel/framework/src/Illuminate/Database/Connection.php(405): Illuminate\\Database\\Connection->getPdoForSelect()
#8 /media/vanny/DATA/BELTIE-YEAR-II/Semster2/Professional_Web_Devolopment_System/vendor/laravel/framework/src/Illuminate/Database/Connection.php(810): Illuminate\\Database\\Connection->Illuminate\\Database\\{closure}()
#9 /media/vanny/DATA/BELTIE-YEAR-II/Semster2/Professional_Web_Devolopment_System/vendor/laravel/framework/src/Illuminate/Database/Connection.php(777): Illuminate\\Database\\Connection->runQueryCallback()
#10 /media/vanny/DATA/BELTIE-YEAR-II/Semster2/Professional_Web_Devolopment_System/vendor/laravel/framework/src/Illuminate/Database/Connection.php(396): Illuminate\\Database\\Connection->run()
#11 /media/vanny/DATA/BELTIE-YEAR-II/Semster2/Professional_Web_Devolopment_System/vendor/laravel/framework/src/Illuminate/Database/Query/Builder.php(3105): Illuminate\\Database\\Connection->select()
#12 /media/vanny/DATA/BELTIE-YEAR-II/Semster2/Professional_Web_Devolopment_System/vendor/laravel/framework/src/Illuminate/Database/Query/Builder.php(3090): Illuminate\\Database\\Query\\Builder->runSelect()
#13 /media/vanny/DATA/BELTIE-YEAR-II/Semster2/Professional_Web_Devolopment_System/vendor/laravel/framework/src/Illuminate/Database/Query/Builder.php(3677): Illuminate\\Database\\Query\\Builder->Illuminate\\Database\\Query\\{closure}()
#14 /media/vanny/DATA/BELTIE-YEAR-II/Semster2/Professional_Web_Devolopment_System/vendor/laravel/framework/src/Illuminate/Database/Query/Builder.php(3089): Illuminate\\Database\\Query\\Builder->onceWithColumns()
#15 /media/vanny/DATA/BELTIE-YEAR-II/Semster2/Professional_Web_Devolopment_System/vendor/laravel/framework/src/Illuminate/Database/Concerns/BuildsQueries.php(366): Illuminate\\Database\\Query\\Builder->get()
#16 /media/vanny/DATA/BELTIE-YEAR-II/Semster2/Professional_Web_Devolopment_System/vendor/laravel/framework/src/Illuminate/Database/Query/Builder.php(3012): Illuminate\\Database\\Query\\Builder->first()
#17 /media/vanny/DATA/BELTIE-YEAR-II/Semster2/Professional_Web_Devolopment_System/vendor/laravel/framework/src/Illuminate/Session/DatabaseSessionHandler.php(97): Illuminate\\Database\\Query\\Builder->find()
#18 /media/vanny/DATA/BELTIE-YEAR-II/Semster2/Professional_Web_Devolopment_System/vendor/laravel/framework/src/Illuminate/Session/Store.php(117): Illuminate\\Session\\DatabaseSessionHandler->read()
#19 /media/vanny/DATA/BELTIE-YEAR-II/Semster2/Professional_Web_Devolopment_System/vendor/laravel/framework/src/Illuminate/Session/Store.php(105): Illuminate\\Session\\Store->readFromHandler()
#20 /media/vanny/DATA/BELTIE-YEAR-II/Semster2/Professional_Web_Devolopment_System/vendor/laravel/framework/src/Illuminate/Session/Store.php(89): Illuminate\\Session\\Store->loadSession()
#21 /media/vanny/DATA/BELTIE-YEAR-II/Semster2/Professional_Web_Devolopment_System/vendor/laravel/framework/src/Illuminate/Session/Middleware/StartSession.php(147): Illuminate\\Session\\Store->start()
#22 /media/vanny/DATA/BELTIE-YEAR-II/Semster2/Professional_Web_Devolopment_System/vendor/laravel/framework/src/Illuminate/Support/helpers.php(399): Illuminate\\Session\\Middleware\\StartSession->Illuminate\\Session\\Middleware\\{closure}()
#23 /media/vanny/DATA/BELTIE-YEAR-II/Semster2/Professional_Web_Devolopment_System/vendor/laravel/framework/src/Illuminate/Session/Middleware/StartSession.php(144): tap()
#24 /media/vanny/DATA/BELTIE-YEAR-II/Semster2/Professional_Web_Devolopment_System/vendor/laravel/framework/src/Illuminate/Session/Middleware/StartSession.php(116): Illuminate\\Session\\Middleware\\StartSession->startSession()
#25 /media/vanny/DATA/BELTIE-YEAR-II/Semster2/Professional_Web_Devolopment_System/vendor/laravel/framework/src/Illuminate/Session/Middleware/StartSession.php(64): Illuminate\\Session\\Middleware\\StartSession->handleStatefulRequest()
#26 /media/vanny/DATA/BELTIE-YEAR-II/Semster2/Professional_Web_Devolopment_System/vendor/laravel/framework/src/Illuminate/Pipeline/Pipeline.php(209): Illuminate\\Session\\Middleware\\StartSession->handle()
#27 /media/vanny/DATA/BELTIE-YEAR-II/Semster2/Professional_Web_Devolopment_System/vendor/laravel/framework/src/Illuminate/Cookie/Middleware/AddQueuedCookiesToResponse.php(37): Illuminate\\Pipeline\\Pipeline->Illuminate\\Pipeline\\{closure}()
#28 /media/vanny/DATA/BELTIE-YEAR-II/Semster2/Professional_Web_Devolopment_System/vendor/laravel/framework/src/Illuminate/Pipeline/Pipeline.php(209): Illuminate\\Cookie\\Middleware\\AddQueuedCookiesToResponse->handle()
#29 /media/vanny/DATA/BELTIE-YEAR-II/Semster2/Professional_Web_Devolopment_System/vendor/laravel/framework/src/Illuminate/Cookie/Middleware/EncryptCookies.php(75): Illuminate\\Pipeline\\Pipeline->Illuminate\\Pipeline\\{closure}()
#30 /media/vanny/DATA/BELTIE-YEAR-II/Semster2/Professional_Web_Devolopment_System/vendor/laravel/framework/src/Illuminate/Pipeline/Pipeline.php(209): Illuminate\\Cookie\\Middleware\\EncryptCookies->handle()
#31 /media/vanny/DATA/BELTIE-YEAR-II/Semster2/Professional_Web_Devolopment_System/vendor/laravel/framework/src/Illuminate/Pipeline/Pipeline.php(127): Illuminate\\Pipeline\\Pipeline->Illuminate\\Pipeline\\{closure}()
#32 /media/vanny/DATA/BELTIE-YEAR-II/Semster2/Professional_Web_Devolopment_System/vendor/laravel/framework/src/Illuminate/Routing/Router.php(808): Illuminate\\Pipeline\\Pipeline->then()
#33 /media/vanny/DATA/BELTIE-YEAR-II/Semster2/Professional_Web_Devolopment_System/vendor/laravel/framework/src/Illuminate/Routing/Router.php(787): Illuminate\\Routing\\Router->runRouteWithinStack()
#34 /media/vanny/DATA/BELTIE-YEAR-II/Semster2/Professional_Web_Devolopment_System/vendor/laravel/framework/src/Illuminate/Routing/Router.php(751): Illuminate\\Routing\\Router->runRoute()
#35 /media/vanny/DATA/BELTIE-YEAR-II/Semster2/Professional_Web_Devolopment_System/vendor/laravel/framework/src/Illuminate/Routing/Router.php(740): Illuminate\\Routing\\Router->dispatchToRoute()
#36 /media/vanny/DATA/BELTIE-YEAR-II/Semster2/Professional_Web_Devolopment_System/vendor/laravel/framework/src/Illuminate/Foundation/Http/Kernel.php(201): Illuminate\\Routing\\Router->dispatch()
#37 /media/vanny/DATA/BELTIE-YEAR-II/Semster2/Professional_Web_Devolopment_System/vendor/laravel/framework/src/Illuminate/Pipeline/Pipeline.php(170): Illuminate\\Foundation\\Http\\Kernel->Illuminate\\Foundation\\Http\\{closure}()
#38 /media/vanny/DATA/BELTIE-YEAR-II/Semster2/Professional_Web_Devolopment_System/vendor/barryvdh/laravel-debugbar/src/Middleware/InjectDebugbar.php(66): Illuminate\\Pipeline\\Pipeline->Illuminate\\Pipeline\\{closure}()
#39 /media/vanny/DATA/BELTIE-YEAR-II/Semster2/Professional_Web_Devolopment_System/vendor/laravel/framework/src/Illuminate/Pipeline/Pipeline.php(209): Barryvdh\\Debugbar\\Middleware\\InjectDebugbar->handle()
#40 /media/vanny/DATA/BELTIE-YEAR-II/Semster2/Professional_Web_Devolopment_System/vendor/laravel/framework/src/Illuminate/Foundation/Http/Middleware/TransformsRequest.php(21): Illuminate\\Pipeline\\Pipeline->Illuminate\\Pipeline\\{closure}()
#41 /media/vanny/DATA/BELTIE-YEAR-II/Semster2/Professional_Web_Devolopment_System/vendor/laravel/framework/src/Illuminate/Foundation/Http/Middleware/ConvertEmptyStringsToNull.php(31): Illuminate\\Foundation\\Http\\Middleware\\TransformsRequest->handle()
#42 /media/vanny/DATA/BELTIE-YEAR-II/Semster2/Professional_Web_Devolopment_System/vendor/laravel/framework/src/Illuminate/Pipeline/Pipeline.php(209): Illuminate\\Foundation\\Http\\Middleware\\ConvertEmptyStringsToNull->handle()
#43 /media/vanny/DATA/BELTIE-YEAR-II/Semster2/Professional_Web_Devolopment_System/vendor/laravel/framework/src/Illuminate/Foundation/Http/Middleware/TransformsRequest.php(21): Illuminate\\Pipeline\\Pipeline->Illuminate\\Pipeline\\{closure}()
#44 /media/vanny/DATA/BELTIE-YEAR-II/Semster2/Professional_Web_Devolopment_System/vendor/laravel/framework/src/Illuminate/Foundation/Http/Middleware/TrimStrings.php(51): Illuminate\\Foundation\\Http\\Middleware\\TransformsRequest->handle()
#45 /media/vanny/DATA/BELTIE-YEAR-II/Semster2/Professional_Web_Devolopment_System/vendor/laravel/framework/src/Illuminate/Pipeline/Pipeline.php(209): Illuminate\\Foundation\\Http\\Middleware\\TrimStrings->handle()
#46 /media/vanny/DATA/BELTIE-YEAR-II/Semster2/Professional_Web_Devolopment_System/vendor/laravel/framework/src/Illuminate/Http/Middleware/ValidatePostSize.php(27): Illuminate\\Pipeline\\Pipeline->Illuminate\\Pipeline\\{closure}()
#47 /media/vanny/DATA/BELTIE-YEAR-II/Semster2/Professional_Web_Devolopment_System/vendor/laravel/framework/src/Illuminate/Pipeline/Pipeline.php(209): Illuminate\\Http\\Middleware\\ValidatePostSize->handle()
#48 /media/vanny/DATA/BELTIE-YEAR-II/Semster2/Professional_Web_Devolopment_System/vendor/laravel/framework/src/Illuminate/Foundation/Http/Middleware/PreventRequestsDuringMaintenance.php(110): Illuminate\\Pipeline\\Pipeline->Illuminate\\Pipeline\\{closure}()
#49 /media/vanny/DATA/BELTIE-YEAR-II/Semster2/Professional_Web_Devolopment_System/vendor/laravel/framework/src/Illuminate/Pipeline/Pipeline.php(209): Illuminate\\Foundation\\Http\\Middleware\\PreventRequestsDuringMaintenance->handle()
#50 /media/vanny/DATA/BELTIE-YEAR-II/Semster2/Professional_Web_Devolopment_System/vendor/laravel/framework/src/Illuminate/Http/Middleware/HandleCors.php(49): Illuminate\\Pipeline\\Pipeline->Illuminate\\Pipeline\\{closure}()
#51 /media/vanny/DATA/BELTIE-YEAR-II/Semster2/Professional_Web_Devolopment_System/vendor/laravel/framework/src/Illuminate/Pipeline/Pipeline.php(209): Illuminate\\Http\\Middleware\\HandleCors->handle()
#52 /media/vanny/DATA/BELTIE-YEAR-II/Semster2/Professional_Web_Devolopment_System/vendor/laravel/framework/src/Illuminate/Http/Middleware/TrustProxies.php(58): Illuminate\\Pipeline\\Pipeline->Illuminate\\Pipeline\\{closure}()
#53 /media/vanny/DATA/BELTIE-YEAR-II/Semster2/Professional_Web_Devolopment_System/vendor/laravel/framework/src/Illuminate/Pipeline/Pipeline.php(209): Illuminate\\Http\\Middleware\\TrustProxies->handle()
#54 /media/vanny/DATA/BELTIE-YEAR-II/Semster2/Professional_Web_Devolopment_System/vendor/laravel/framework/src/Illuminate/Foundation/Http/Middleware/InvokeDeferredCallbacks.php(22): Illuminate\\Pipeline\\Pipeline->Illuminate\\Pipeline\\{closure}()
#55 /media/vanny/DATA/BELTIE-YEAR-II/Semster2/Professional_Web_Devolopment_System/vendor/laravel/framework/src/Illuminate/Pipeline/Pipeline.php(209): Illuminate\\Foundation\\Http\\Middleware\\InvokeDeferredCallbacks->handle()
#56 /media/vanny/DATA/BELTIE-YEAR-II/Semster2/Professional_Web_Devolopment_System/vendor/laravel/framework/src/Illuminate/Http/Middleware/ValidatePathEncoding.php(26): Illuminate\\Pipeline\\Pipeline->Illuminate\\Pipeline\\{closure}()
#57 /media/vanny/DATA/BELTIE-YEAR-II/Semster2/Professional_Web_Devolopment_System/vendor/laravel/framework/src/Illuminate/Pipeline/Pipeline.php(209): Illuminate\\Http\\Middleware\\ValidatePathEncoding->handle()
#58 /media/vanny/DATA/BELTIE-YEAR-II/Semster2/Professional_Web_Devolopment_System/vendor/laravel/framework/src/Illuminate/Pipeline/Pipeline.php(127): Illuminate\\Pipeline\\Pipeline->Illuminate\\Pipeline\\{closure}()
#59 /media/vanny/DATA/BELTIE-YEAR-II/Semster2/Professional_Web_Devolopment_System/vendor/laravel/framework/src/Illuminate/Foundation/Http/Kernel.php(176): Illuminate\\Pipeline\\Pipeline->then()
#60 /media/vanny/DATA/BELTIE-YEAR-II/Semster2/Professional_Web_Devolopment_System/vendor/laravel/framework/src/Illuminate/Foundation/Http/Kernel.php(145): Illuminate\\Foundation\\Http\\Kernel->sendRequestThroughRouter()
#61 /media/vanny/DATA/BELTIE-YEAR-II/Semster2/Professional_Web_Devolopment_System/vendor/laravel/framework/src/Illuminate/Foundation/Application.php(1220): Illuminate\\Foundation\\Http\\Kernel->handle()
#62 /media/vanny/DATA/BELTIE-YEAR-II/Semster2/Professional_Web_Devolopment_System/public/index.php(20): Illuminate\\Foundation\\Application->handleRequest()
#63 /media/vanny/DATA/BELTIE-YEAR-II/Semster2/Professional_Web_Devolopment_System/vendor/laravel/framework/src/Illuminate/Foundation/resources/server.php(23): require_once('...')
#64 {main}
"} 
[2025-07-02 18:27:55] local.ERROR: Debugbar exception: SQLSTATE[HY000] [1698] Access denied for user 'root'@'localhost' (Connection: mysql, SQL: select * from `sessions` where `id` = aTjZFit0SNrMXOZhHPdlAQlnvUNuz2JkUck0jE2g limit 1)  
[2025-07-02 18:34:10] local.ERROR: SQLSTATE[HY000] [1698] Access denied for user 'root'@'localhost' (Connection: mysql, SQL: select * from `sessions` where `id` = uZu8yijGrpov7gqn5BHpOCV4cGjC9R0IvN4UYD4U limit 1) {"exception":"[object] (Illuminate\\Database\\QueryException(code: 1698): SQLSTATE[HY000] [1698] Access denied for user 'root'@'localhost' (Connection: mysql, SQL: select * from `sessions` where `id` = uZu8yijGrpov7gqn5BHpOCV4cGjC9R0IvN4UYD4U limit 1) at /media/vanny/DATA/BELTIE-YEAR-II/Semster2/Professional_Web_Devolopment_System/vendor/laravel/framework/src/Illuminate/Database/Connection.php:823)
[stacktrace]
#0 /media/vanny/DATA/BELTIE-YEAR-II/Semster2/Professional_Web_Devolopment_System/vendor/laravel/framework/src/Illuminate/Database/Connection.php(777): Illuminate\\Database\\Connection->runQueryCallback()
#1 /media/vanny/DATA/BELTIE-YEAR-II/Semster2/Professional_Web_Devolopment_System/vendor/laravel/framework/src/Illuminate/Database/Connection.php(396): Illuminate\\Database\\Connection->run()
#2 /media/vanny/DATA/BELTIE-YEAR-II/Semster2/Professional_Web_Devolopment_System/vendor/laravel/framework/src/Illuminate/Database/Query/Builder.php(3105): Illuminate\\Database\\Connection->select()
#3 /media/vanny/DATA/BELTIE-YEAR-II/Semster2/Professional_Web_Devolopment_System/vendor/laravel/framework/src/Illuminate/Database/Query/Builder.php(3090): Illuminate\\Database\\Query\\Builder->runSelect()
#4 /media/vanny/DATA/BELTIE-YEAR-II/Semster2/Professional_Web_Devolopment_System/vendor/laravel/framework/src/Illuminate/Database/Query/Builder.php(3677): Illuminate\\Database\\Query\\Builder->Illuminate\\Database\\Query\\{closure}()
#5 /media/vanny/DATA/BELTIE-YEAR-II/Semster2/Professional_Web_Devolopment_System/vendor/laravel/framework/src/Illuminate/Database/Query/Builder.php(3089): Illuminate\\Database\\Query\\Builder->onceWithColumns()
#6 /media/vanny/DATA/BELTIE-YEAR-II/Semster2/Professional_Web_Devolopment_System/vendor/laravel/framework/src/Illuminate/Database/Concerns/BuildsQueries.php(366): Illuminate\\Database\\Query\\Builder->get()
#7 /media/vanny/DATA/BELTIE-YEAR-II/Semster2/Professional_Web_Devolopment_System/vendor/laravel/framework/src/Illuminate/Database/Query/Builder.php(3012): Illuminate\\Database\\Query\\Builder->first()
#8 /media/vanny/DATA/BELTIE-YEAR-II/Semster2/Professional_Web_Devolopment_System/vendor/laravel/framework/src/Illuminate/Session/DatabaseSessionHandler.php(97): Illuminate\\Database\\Query\\Builder->find()
#9 /media/vanny/DATA/BELTIE-YEAR-II/Semster2/Professional_Web_Devolopment_System/vendor/laravel/framework/src/Illuminate/Session/Store.php(117): Illuminate\\Session\\DatabaseSessionHandler->read()
#10 /media/vanny/DATA/BELTIE-YEAR-II/Semster2/Professional_Web_Devolopment_System/vendor/laravel/framework/src/Illuminate/Session/Store.php(105): Illuminate\\Session\\Store->readFromHandler()
#11 /media/vanny/DATA/BELTIE-YEAR-II/Semster2/Professional_Web_Devolopment_System/vendor/laravel/framework/src/Illuminate/Session/Store.php(89): Illuminate\\Session\\Store->loadSession()
#12 /media/vanny/DATA/BELTIE-YEAR-II/Semster2/Professional_Web_Devolopment_System/vendor/laravel/framework/src/Illuminate/Session/Middleware/StartSession.php(147): Illuminate\\Session\\Store->start()
#13 /media/vanny/DATA/BELTIE-YEAR-II/Semster2/Professional_Web_Devolopment_System/vendor/laravel/framework/src/Illuminate/Support/helpers.php(399): Illuminate\\Session\\Middleware\\StartSession->Illuminate\\Session\\Middleware\\{closure}()
#14 /media/vanny/DATA/BELTIE-YEAR-II/Semster2/Professional_Web_Devolopment_System/vendor/laravel/framework/src/Illuminate/Session/Middleware/StartSession.php(144): tap()
#15 /media/vanny/DATA/BELTIE-YEAR-II/Semster2/Professional_Web_Devolopment_System/vendor/laravel/framework/src/Illuminate/Session/Middleware/StartSession.php(116): Illuminate\\Session\\Middleware\\StartSession->startSession()
#16 /media/vanny/DATA/BELTIE-YEAR-II/Semster2/Professional_Web_Devolopment_System/vendor/laravel/framework/src/Illuminate/Session/Middleware/StartSession.php(64): Illuminate\\Session\\Middleware\\StartSession->handleStatefulRequest()
#17 /media/vanny/DATA/BELTIE-YEAR-II/Semster2/Professional_Web_Devolopment_System/vendor/laravel/framework/src/Illuminate/Pipeline/Pipeline.php(209): Illuminate\\Session\\Middleware\\StartSession->handle()
#18 /media/vanny/DATA/BELTIE-YEAR-II/Semster2/Professional_Web_Devolopment_System/vendor/laravel/framework/src/Illuminate/Cookie/Middleware/AddQueuedCookiesToResponse.php(37): Illuminate\\Pipeline\\Pipeline->Illuminate\\Pipeline\\{closure}()
#19 /media/vanny/DATA/BELTIE-YEAR-II/Semster2/Professional_Web_Devolopment_System/vendor/laravel/framework/src/Illuminate/Pipeline/Pipeline.php(209): Illuminate\\Cookie\\Middleware\\AddQueuedCookiesToResponse->handle()
#20 /media/vanny/DATA/BELTIE-YEAR-II/Semster2/Professional_Web_Devolopment_System/vendor/laravel/framework/src/Illuminate/Cookie/Middleware/EncryptCookies.php(75): Illuminate\\Pipeline\\Pipeline->Illuminate\\Pipeline\\{closure}()
#21 /media/vanny/DATA/BELTIE-YEAR-II/Semster2/Professional_Web_Devolopment_System/vendor/laravel/framework/src/Illuminate/Pipeline/Pipeline.php(209): Illuminate\\Cookie\\Middleware\\EncryptCookies->handle()
#22 /media/vanny/DATA/BELTIE-YEAR-II/Semster2/Professional_Web_Devolopment_System/vendor/laravel/framework/src/Illuminate/Pipeline/Pipeline.php(127): Illuminate\\Pipeline\\Pipeline->Illuminate\\Pipeline\\{closure}()
#23 /media/vanny/DATA/BELTIE-YEAR-II/Semster2/Professional_Web_Devolopment_System/vendor/laravel/framework/src/Illuminate/Routing/Router.php(808): Illuminate\\Pipeline\\Pipeline->then()
#24 /media/vanny/DATA/BELTIE-YEAR-II/Semster2/Professional_Web_Devolopment_System/vendor/laravel/framework/src/Illuminate/Routing/Router.php(787): Illuminate\\Routing\\Router->runRouteWithinStack()
#25 /media/vanny/DATA/BELTIE-YEAR-II/Semster2/Professional_Web_Devolopment_System/vendor/laravel/framework/src/Illuminate/Routing/Router.php(751): Illuminate\\Routing\\Router->runRoute()
#26 /media/vanny/DATA/BELTIE-YEAR-II/Semster2/Professional_Web_Devolopment_System/vendor/laravel/framework/src/Illuminate/Routing/Router.php(740): Illuminate\\Routing\\Router->dispatchToRoute()
#27 /media/vanny/DATA/BELTIE-YEAR-II/Semster2/Professional_Web_Devolopment_System/vendor/laravel/framework/src/Illuminate/Foundation/Http/Kernel.php(201): Illuminate\\Routing\\Router->dispatch()
#28 /media/vanny/DATA/BELTIE-YEAR-II/Semster2/Professional_Web_Devolopment_System/vendor/laravel/framework/src/Illuminate/Pipeline/Pipeline.php(170): Illuminate\\Foundation\\Http\\Kernel->Illuminate\\Foundation\\Http\\{closure}()
#29 /media/vanny/DATA/BELTIE-YEAR-II/Semster2/Professional_Web_Devolopment_System/vendor/barryvdh/laravel-debugbar/src/Middleware/InjectDebugbar.php(66): Illuminate\\Pipeline\\Pipeline->Illuminate\\Pipeline\\{closure}()
#30 /media/vanny/DATA/BELTIE-YEAR-II/Semster2/Professional_Web_Devolopment_System/vendor/laravel/framework/src/Illuminate/Pipeline/Pipeline.php(209): Barryvdh\\Debugbar\\Middleware\\InjectDebugbar->handle()
#31 /media/vanny/DATA/BELTIE-YEAR-II/Semster2/Professional_Web_Devolopment_System/vendor/laravel/framework/src/Illuminate/Foundation/Http/Middleware/TransformsRequest.php(21): Illuminate\\Pipeline\\Pipeline->Illuminate\\Pipeline\\{closure}()
#32 /media/vanny/DATA/BELTIE-YEAR-II/Semster2/Professional_Web_Devolopment_System/vendor/laravel/framework/src/Illuminate/Foundation/Http/Middleware/ConvertEmptyStringsToNull.php(31): Illuminate\\Foundation\\Http\\Middleware\\TransformsRequest->handle()
#33 /media/vanny/DATA/BELTIE-YEAR-II/Semster2/Professional_Web_Devolopment_System/vendor/laravel/framework/src/Illuminate/Pipeline/Pipeline.php(209): Illuminate\\Foundation\\Http\\Middleware\\ConvertEmptyStringsToNull->handle()
#34 /media/vanny/DATA/BELTIE-YEAR-II/Semster2/Professional_Web_Devolopment_System/vendor/laravel/framework/src/Illuminate/Foundation/Http/Middleware/TransformsRequest.php(21): Illuminate\\Pipeline\\Pipeline->Illuminate\\Pipeline\\{closure}()
#35 /media/vanny/DATA/BELTIE-YEAR-II/Semster2/Professional_Web_Devolopment_System/vendor/laravel/framework/src/Illuminate/Foundation/Http/Middleware/TrimStrings.php(51): Illuminate\\Foundation\\Http\\Middleware\\TransformsRequest->handle()
#36 /media/vanny/DATA/BELTIE-YEAR-II/Semster2/Professional_Web_Devolopment_System/vendor/laravel/framework/src/Illuminate/Pipeline/Pipeline.php(209): Illuminate\\Foundation\\Http\\Middleware\\TrimStrings->handle()
#37 /media/vanny/DATA/BELTIE-YEAR-II/Semster2/Professional_Web_Devolopment_System/vendor/laravel/framework/src/Illuminate/Http/Middleware/ValidatePostSize.php(27): Illuminate\\Pipeline\\Pipeline->Illuminate\\Pipeline\\{closure}()
#38 /media/vanny/DATA/BELTIE-YEAR-II/Semster2/Professional_Web_Devolopment_System/vendor/laravel/framework/src/Illuminate/Pipeline/Pipeline.php(209): Illuminate\\Http\\Middleware\\ValidatePostSize->handle()
#39 /media/vanny/DATA/BELTIE-YEAR-II/Semster2/Professional_Web_Devolopment_System/vendor/laravel/framework/src/Illuminate/Foundation/Http/Middleware/PreventRequestsDuringMaintenance.php(110): Illuminate\\Pipeline\\Pipeline->Illuminate\\Pipeline\\{closure}()
#40 /media/vanny/DATA/BELTIE-YEAR-II/Semster2/Professional_Web_Devolopment_System/vendor/laravel/framework/src/Illuminate/Pipeline/Pipeline.php(209): Illuminate\\Foundation\\Http\\Middleware\\PreventRequestsDuringMaintenance->handle()
#41 /media/vanny/DATA/BELTIE-YEAR-II/Semster2/Professional_Web_Devolopment_System/vendor/laravel/framework/src/Illuminate/Http/Middleware/HandleCors.php(49): Illuminate\\Pipeline\\Pipeline->Illuminate\\Pipeline\\{closure}()
#42 /media/vanny/DATA/BELTIE-YEAR-II/Semster2/Professional_Web_Devolopment_System/vendor/laravel/framework/src/Illuminate/Pipeline/Pipeline.php(209): Illuminate\\Http\\Middleware\\HandleCors->handle()
#43 /media/vanny/DATA/BELTIE-YEAR-II/Semster2/Professional_Web_Devolopment_System/vendor/laravel/framework/src/Illuminate/Http/Middleware/TrustProxies.php(58): Illuminate\\Pipeline\\Pipeline->Illuminate\\Pipeline\\{closure}()
#44 /media/vanny/DATA/BELTIE-YEAR-II/Semster2/Professional_Web_Devolopment_System/vendor/laravel/framework/src/Illuminate/Pipeline/Pipeline.php(209): Illuminate\\Http\\Middleware\\TrustProxies->handle()
#45 /media/vanny/DATA/BELTIE-YEAR-II/Semster2/Professional_Web_Devolopment_System/vendor/laravel/framework/src/Illuminate/Foundation/Http/Middleware/InvokeDeferredCallbacks.php(22): Illuminate\\Pipeline\\Pipeline->Illuminate\\Pipeline\\{closure}()
#46 /media/vanny/DATA/BELTIE-YEAR-II/Semster2/Professional_Web_Devolopment_System/vendor/laravel/framework/src/Illuminate/Pipeline/Pipeline.php(209): Illuminate\\Foundation\\Http\\Middleware\\InvokeDeferredCallbacks->handle()
#47 /media/vanny/DATA/BELTIE-YEAR-II/Semster2/Professional_Web_Devolopment_System/vendor/laravel/framework/src/Illuminate/Http/Middleware/ValidatePathEncoding.php(26): Illuminate\\Pipeline\\Pipeline->Illuminate\\Pipeline\\{closure}()
#48 /media/vanny/DATA/BELTIE-YEAR-II/Semster2/Professional_Web_Devolopment_System/vendor/laravel/framework/src/Illuminate/Pipeline/Pipeline.php(209): Illuminate\\Http\\Middleware\\ValidatePathEncoding->handle()
#49 /media/vanny/DATA/BELTIE-YEAR-II/Semster2/Professional_Web_Devolopment_System/vendor/laravel/framework/src/Illuminate/Pipeline/Pipeline.php(127): Illuminate\\Pipeline\\Pipeline->Illuminate\\Pipeline\\{closure}()
#50 /media/vanny/DATA/BELTIE-YEAR-II/Semster2/Professional_Web_Devolopment_System/vendor/laravel/framework/src/Illuminate/Foundation/Http/Kernel.php(176): Illuminate\\Pipeline\\Pipeline->then()
#51 /media/vanny/DATA/BELTIE-YEAR-II/Semster2/Professional_Web_Devolopment_System/vendor/laravel/framework/src/Illuminate/Foundation/Http/Kernel.php(145): Illuminate\\Foundation\\Http\\Kernel->sendRequestThroughRouter()
#52 /media/vanny/DATA/BELTIE-YEAR-II/Semster2/Professional_Web_Devolopment_System/vendor/laravel/framework/src/Illuminate/Foundation/Application.php(1220): Illuminate\\Foundation\\Http\\Kernel->handle()
#53 /media/vanny/DATA/BELTIE-YEAR-II/Semster2/Professional_Web_Devolopment_System/public/index.php(20): Illuminate\\Foundation\\Application->handleRequest()
#54 /media/vanny/DATA/BELTIE-YEAR-II/Semster2/Professional_Web_Devolopment_System/vendor/laravel/framework/src/Illuminate/Foundation/resources/server.php(23): require_once('...')
#55 {main}

[previous exception] [object] (PDOException(code: 1698): SQLSTATE[HY000] [1698] Access denied for user 'root'@'localhost' at /media/vanny/DATA/BELTIE-YEAR-II/Semster2/Professional_Web_Devolopment_System/vendor/laravel/framework/src/Illuminate/Database/Connectors/Connector.php:66)
[stacktrace]
#0 /media/vanny/DATA/BELTIE-YEAR-II/Semster2/Professional_Web_Devolopment_System/vendor/laravel/framework/src/Illuminate/Database/Connectors/Connector.php(66): PDO->__construct()
#1 /media/vanny/DATA/BELTIE-YEAR-II/Semster2/Professional_Web_Devolopment_System/vendor/laravel/framework/src/Illuminate/Database/Connectors/Connector.php(44): Illuminate\\Database\\Connectors\\Connector->createPdoConnection()
#2 /media/vanny/DATA/BELTIE-YEAR-II/Semster2/Professional_Web_Devolopment_System/vendor/laravel/framework/src/Illuminate/Database/Connectors/MySqlConnector.php(24): Illuminate\\Database\\Connectors\\Connector->createConnection()
#3 /media/vanny/DATA/BELTIE-YEAR-II/Semster2/Professional_Web_Devolopment_System/vendor/laravel/framework/src/Illuminate/Database/Connectors/ConnectionFactory.php(185): Illuminate\\Database\\Connectors\\MySqlConnector->connect()
#4 [internal function]: Illuminate\\Database\\Connectors\\ConnectionFactory->Illuminate\\Database\\Connectors\\{closure}()
#5 /media/vanny/DATA/BELTIE-YEAR-II/Semster2/Professional_Web_Devolopment_System/vendor/laravel/framework/src/Illuminate/Database/Connection.php(1229): call_user_func()
#6 /media/vanny/DATA/BELTIE-YEAR-II/Semster2/Professional_Web_Devolopment_System/vendor/laravel/framework/src/Illuminate/Database/Connection.php(510): Illuminate\\Database\\Connection->getPdo()
#7 /media/vanny/DATA/BELTIE-YEAR-II/Semster2/Professional_Web_Devolopment_System/vendor/laravel/framework/src/Illuminate/Database/Connection.php(405): Illuminate\\Database\\Connection->getPdoForSelect()
#8 /media/vanny/DATA/BELTIE-YEAR-II/Semster2/Professional_Web_Devolopment_System/vendor/laravel/framework/src/Illuminate/Database/Connection.php(810): Illuminate\\Database\\Connection->Illuminate\\Database\\{closure}()
#9 /media/vanny/DATA/BELTIE-YEAR-II/Semster2/Professional_Web_Devolopment_System/vendor/laravel/framework/src/Illuminate/Database/Connection.php(777): Illuminate\\Database\\Connection->runQueryCallback()
#10 /media/vanny/DATA/BELTIE-YEAR-II/Semster2/Professional_Web_Devolopment_System/vendor/laravel/framework/src/Illuminate/Database/Connection.php(396): Illuminate\\Database\\Connection->run()
#11 /media/vanny/DATA/BELTIE-YEAR-II/Semster2/Professional_Web_Devolopment_System/vendor/laravel/framework/src/Illuminate/Database/Query/Builder.php(3105): Illuminate\\Database\\Connection->select()
#12 /media/vanny/DATA/BELTIE-YEAR-II/Semster2/Professional_Web_Devolopment_System/vendor/laravel/framework/src/Illuminate/Database/Query/Builder.php(3090): Illuminate\\Database\\Query\\Builder->runSelect()
#13 /media/vanny/DATA/BELTIE-YEAR-II/Semster2/Professional_Web_Devolopment_System/vendor/laravel/framework/src/Illuminate/Database/Query/Builder.php(3677): Illuminate\\Database\\Query\\Builder->Illuminate\\Database\\Query\\{closure}()
#14 /media/vanny/DATA/BELTIE-YEAR-II/Semster2/Professional_Web_Devolopment_System/vendor/laravel/framework/src/Illuminate/Database/Query/Builder.php(3089): Illuminate\\Database\\Query\\Builder->onceWithColumns()
#15 /media/vanny/DATA/BELTIE-YEAR-II/Semster2/Professional_Web_Devolopment_System/vendor/laravel/framework/src/Illuminate/Database/Concerns/BuildsQueries.php(366): Illuminate\\Database\\Query\\Builder->get()
#16 /media/vanny/DATA/BELTIE-YEAR-II/Semster2/Professional_Web_Devolopment_System/vendor/laravel/framework/src/Illuminate/Database/Query/Builder.php(3012): Illuminate\\Database\\Query\\Builder->first()
#17 /media/vanny/DATA/BELTIE-YEAR-II/Semster2/Professional_Web_Devolopment_System/vendor/laravel/framework/src/Illuminate/Session/DatabaseSessionHandler.php(97): Illuminate\\Database\\Query\\Builder->find()
#18 /media/vanny/DATA/BELTIE-YEAR-II/Semster2/Professional_Web_Devolopment_System/vendor/laravel/framework/src/Illuminate/Session/Store.php(117): Illuminate\\Session\\DatabaseSessionHandler->read()
#19 /media/vanny/DATA/BELTIE-YEAR-II/Semster2/Professional_Web_Devolopment_System/vendor/laravel/framework/src/Illuminate/Session/Store.php(105): Illuminate\\Session\\Store->readFromHandler()
#20 /media/vanny/DATA/BELTIE-YEAR-II/Semster2/Professional_Web_Devolopment_System/vendor/laravel/framework/src/Illuminate/Session/Store.php(89): Illuminate\\Session\\Store->loadSession()
#21 /media/vanny/DATA/BELTIE-YEAR-II/Semster2/Professional_Web_Devolopment_System/vendor/laravel/framework/src/Illuminate/Session/Middleware/StartSession.php(147): Illuminate\\Session\\Store->start()
#22 /media/vanny/DATA/BELTIE-YEAR-II/Semster2/Professional_Web_Devolopment_System/vendor/laravel/framework/src/Illuminate/Support/helpers.php(399): Illuminate\\Session\\Middleware\\StartSession->Illuminate\\Session\\Middleware\\{closure}()
#23 /media/vanny/DATA/BELTIE-YEAR-II/Semster2/Professional_Web_Devolopment_System/vendor/laravel/framework/src/Illuminate/Session/Middleware/StartSession.php(144): tap()
#24 /media/vanny/DATA/BELTIE-YEAR-II/Semster2/Professional_Web_Devolopment_System/vendor/laravel/framework/src/Illuminate/Session/Middleware/StartSession.php(116): Illuminate\\Session\\Middleware\\StartSession->startSession()
#25 /media/vanny/DATA/BELTIE-YEAR-II/Semster2/Professional_Web_Devolopment_System/vendor/laravel/framework/src/Illuminate/Session/Middleware/StartSession.php(64): Illuminate\\Session\\Middleware\\StartSession->handleStatefulRequest()
#26 /media/vanny/DATA/BELTIE-YEAR-II/Semster2/Professional_Web_Devolopment_System/vendor/laravel/framework/src/Illuminate/Pipeline/Pipeline.php(209): Illuminate\\Session\\Middleware\\StartSession->handle()
#27 /media/vanny/DATA/BELTIE-YEAR-II/Semster2/Professional_Web_Devolopment_System/vendor/laravel/framework/src/Illuminate/Cookie/Middleware/AddQueuedCookiesToResponse.php(37): Illuminate\\Pipeline\\Pipeline->Illuminate\\Pipeline\\{closure}()
#28 /media/vanny/DATA/BELTIE-YEAR-II/Semster2/Professional_Web_Devolopment_System/vendor/laravel/framework/src/Illuminate/Pipeline/Pipeline.php(209): Illuminate\\Cookie\\Middleware\\AddQueuedCookiesToResponse->handle()
#29 /media/vanny/DATA/BELTIE-YEAR-II/Semster2/Professional_Web_Devolopment_System/vendor/laravel/framework/src/Illuminate/Cookie/Middleware/EncryptCookies.php(75): Illuminate\\Pipeline\\Pipeline->Illuminate\\Pipeline\\{closure}()
#30 /media/vanny/DATA/BELTIE-YEAR-II/Semster2/Professional_Web_Devolopment_System/vendor/laravel/framework/src/Illuminate/Pipeline/Pipeline.php(209): Illuminate\\Cookie\\Middleware\\EncryptCookies->handle()
#31 /media/vanny/DATA/BELTIE-YEAR-II/Semster2/Professional_Web_Devolopment_System/vendor/laravel/framework/src/Illuminate/Pipeline/Pipeline.php(127): Illuminate\\Pipeline\\Pipeline->Illuminate\\Pipeline\\{closure}()
#32 /media/vanny/DATA/BELTIE-YEAR-II/Semster2/Professional_Web_Devolopment_System/vendor/laravel/framework/src/Illuminate/Routing/Router.php(808): Illuminate\\Pipeline\\Pipeline->then()
#33 /media/vanny/DATA/BELTIE-YEAR-II/Semster2/Professional_Web_Devolopment_System/vendor/laravel/framework/src/Illuminate/Routing/Router.php(787): Illuminate\\Routing\\Router->runRouteWithinStack()
#34 /media/vanny/DATA/BELTIE-YEAR-II/Semster2/Professional_Web_Devolopment_System/vendor/laravel/framework/src/Illuminate/Routing/Router.php(751): Illuminate\\Routing\\Router->runRoute()
#35 /media/vanny/DATA/BELTIE-YEAR-II/Semster2/Professional_Web_Devolopment_System/vendor/laravel/framework/src/Illuminate/Routing/Router.php(740): Illuminate\\Routing\\Router->dispatchToRoute()
#36 /media/vanny/DATA/BELTIE-YEAR-II/Semster2/Professional_Web_Devolopment_System/vendor/laravel/framework/src/Illuminate/Foundation/Http/Kernel.php(201): Illuminate\\Routing\\Router->dispatch()
#37 /media/vanny/DATA/BELTIE-YEAR-II/Semster2/Professional_Web_Devolopment_System/vendor/laravel/framework/src/Illuminate/Pipeline/Pipeline.php(170): Illuminate\\Foundation\\Http\\Kernel->Illuminate\\Foundation\\Http\\{closure}()
#38 /media/vanny/DATA/BELTIE-YEAR-II/Semster2/Professional_Web_Devolopment_System/vendor/barryvdh/laravel-debugbar/src/Middleware/InjectDebugbar.php(66): Illuminate\\Pipeline\\Pipeline->Illuminate\\Pipeline\\{closure}()
#39 /media/vanny/DATA/BELTIE-YEAR-II/Semster2/Professional_Web_Devolopment_System/vendor/laravel/framework/src/Illuminate/Pipeline/Pipeline.php(209): Barryvdh\\Debugbar\\Middleware\\InjectDebugbar->handle()
#40 /media/vanny/DATA/BELTIE-YEAR-II/Semster2/Professional_Web_Devolopment_System/vendor/laravel/framework/src/Illuminate/Foundation/Http/Middleware/TransformsRequest.php(21): Illuminate\\Pipeline\\Pipeline->Illuminate\\Pipeline\\{closure}()
#41 /media/vanny/DATA/BELTIE-YEAR-II/Semster2/Professional_Web_Devolopment_System/vendor/laravel/framework/src/Illuminate/Foundation/Http/Middleware/ConvertEmptyStringsToNull.php(31): Illuminate\\Foundation\\Http\\Middleware\\TransformsRequest->handle()
#42 /media/vanny/DATA/BELTIE-YEAR-II/Semster2/Professional_Web_Devolopment_System/vendor/laravel/framework/src/Illuminate/Pipeline/Pipeline.php(209): Illuminate\\Foundation\\Http\\Middleware\\ConvertEmptyStringsToNull->handle()
#43 /media/vanny/DATA/BELTIE-YEAR-II/Semster2/Professional_Web_Devolopment_System/vendor/laravel/framework/src/Illuminate/Foundation/Http/Middleware/TransformsRequest.php(21): Illuminate\\Pipeline\\Pipeline->Illuminate\\Pipeline\\{closure}()
#44 /media/vanny/DATA/BELTIE-YEAR-II/Semster2/Professional_Web_Devolopment_System/vendor/laravel/framework/src/Illuminate/Foundation/Http/Middleware/TrimStrings.php(51): Illuminate\\Foundation\\Http\\Middleware\\TransformsRequest->handle()
#45 /media/vanny/DATA/BELTIE-YEAR-II/Semster2/Professional_Web_Devolopment_System/vendor/laravel/framework/src/Illuminate/Pipeline/Pipeline.php(209): Illuminate\\Foundation\\Http\\Middleware\\TrimStrings->handle()
#46 /media/vanny/DATA/BELTIE-YEAR-II/Semster2/Professional_Web_Devolopment_System/vendor/laravel/framework/src/Illuminate/Http/Middleware/ValidatePostSize.php(27): Illuminate\\Pipeline\\Pipeline->Illuminate\\Pipeline\\{closure}()
#47 /media/vanny/DATA/BELTIE-YEAR-II/Semster2/Professional_Web_Devolopment_System/vendor/laravel/framework/src/Illuminate/Pipeline/Pipeline.php(209): Illuminate\\Http\\Middleware\\ValidatePostSize->handle()
#48 /media/vanny/DATA/BELTIE-YEAR-II/Semster2/Professional_Web_Devolopment_System/vendor/laravel/framework/src/Illuminate/Foundation/Http/Middleware/PreventRequestsDuringMaintenance.php(110): Illuminate\\Pipeline\\Pipeline->Illuminate\\Pipeline\\{closure}()
#49 /media/vanny/DATA/BELTIE-YEAR-II/Semster2/Professional_Web_Devolopment_System/vendor/laravel/framework/src/Illuminate/Pipeline/Pipeline.php(209): Illuminate\\Foundation\\Http\\Middleware\\PreventRequestsDuringMaintenance->handle()
#50 /media/vanny/DATA/BELTIE-YEAR-II/Semster2/Professional_Web_Devolopment_System/vendor/laravel/framework/src/Illuminate/Http/Middleware/HandleCors.php(49): Illuminate\\Pipeline\\Pipeline->Illuminate\\Pipeline\\{closure}()
#51 /media/vanny/DATA/BELTIE-YEAR-II/Semster2/Professional_Web_Devolopment_System/vendor/laravel/framework/src/Illuminate/Pipeline/Pipeline.php(209): Illuminate\\Http\\Middleware\\HandleCors->handle()
#52 /media/vanny/DATA/BELTIE-YEAR-II/Semster2/Professional_Web_Devolopment_System/vendor/laravel/framework/src/Illuminate/Http/Middleware/TrustProxies.php(58): Illuminate\\Pipeline\\Pipeline->Illuminate\\Pipeline\\{closure}()
#53 /media/vanny/DATA/BELTIE-YEAR-II/Semster2/Professional_Web_Devolopment_System/vendor/laravel/framework/src/Illuminate/Pipeline/Pipeline.php(209): Illuminate\\Http\\Middleware\\TrustProxies->handle()
#54 /media/vanny/DATA/BELTIE-YEAR-II/Semster2/Professional_Web_Devolopment_System/vendor/laravel/framework/src/Illuminate/Foundation/Http/Middleware/InvokeDeferredCallbacks.php(22): Illuminate\\Pipeline\\Pipeline->Illuminate\\Pipeline\\{closure}()
#55 /media/vanny/DATA/BELTIE-YEAR-II/Semster2/Professional_Web_Devolopment_System/vendor/laravel/framework/src/Illuminate/Pipeline/Pipeline.php(209): Illuminate\\Foundation\\Http\\Middleware\\InvokeDeferredCallbacks->handle()
#56 /media/vanny/DATA/BELTIE-YEAR-II/Semster2/Professional_Web_Devolopment_System/vendor/laravel/framework/src/Illuminate/Http/Middleware/ValidatePathEncoding.php(26): Illuminate\\Pipeline\\Pipeline->Illuminate\\Pipeline\\{closure}()
#57 /media/vanny/DATA/BELTIE-YEAR-II/Semster2/Professional_Web_Devolopment_System/vendor/laravel/framework/src/Illuminate/Pipeline/Pipeline.php(209): Illuminate\\Http\\Middleware\\ValidatePathEncoding->handle()
#58 /media/vanny/DATA/BELTIE-YEAR-II/Semster2/Professional_Web_Devolopment_System/vendor/laravel/framework/src/Illuminate/Pipeline/Pipeline.php(127): Illuminate\\Pipeline\\Pipeline->Illuminate\\Pipeline\\{closure}()
#59 /media/vanny/DATA/BELTIE-YEAR-II/Semster2/Professional_Web_Devolopment_System/vendor/laravel/framework/src/Illuminate/Foundation/Http/Kernel.php(176): Illuminate\\Pipeline\\Pipeline->then()
#60 /media/vanny/DATA/BELTIE-YEAR-II/Semster2/Professional_Web_Devolopment_System/vendor/laravel/framework/src/Illuminate/Foundation/Http/Kernel.php(145): Illuminate\\Foundation\\Http\\Kernel->sendRequestThroughRouter()
#61 /media/vanny/DATA/BELTIE-YEAR-II/Semster2/Professional_Web_Devolopment_System/vendor/laravel/framework/src/Illuminate/Foundation/Application.php(1220): Illuminate\\Foundation\\Http\\Kernel->handle()
#62 /media/vanny/DATA/BELTIE-YEAR-II/Semster2/Professional_Web_Devolopment_System/public/index.php(20): Illuminate\\Foundation\\Application->handleRequest()
#63 /media/vanny/DATA/BELTIE-YEAR-II/Semster2/Professional_Web_Devolopment_System/vendor/laravel/framework/src/Illuminate/Foundation/resources/server.php(23): require_once('...')
#64 {main}
"} 
[2025-07-02 18:34:10] local.ERROR: Debugbar exception: SQLSTATE[HY000] [1698] Access denied for user 'root'@'localhost' (Connection: mysql, SQL: select * from `sessions` where `id` = uZu8yijGrpov7gqn5BHpOCV4cGjC9R0IvN4UYD4U limit 1)  
[2025-07-02 18:34:15] local.ERROR: SQLSTATE[HY000] [1698] Access denied for user 'root'@'localhost' (Connection: mysql, SQL: select * from `sessions` where `id` = 2SEqWXJZXqWHJS58m0AKdNfylIUE4OaJzp3FH6O8 limit 1) {"exception":"[object] (Illuminate\\Database\\QueryException(code: 1698): SQLSTATE[HY000] [1698] Access denied for user 'root'@'localhost' (Connection: mysql, SQL: select * from `sessions` where `id` = 2SEqWXJZXqWHJS58m0AKdNfylIUE4OaJzp3FH6O8 limit 1) at /media/vanny/DATA/BELTIE-YEAR-II/Semster2/Professional_Web_Devolopment_System/vendor/laravel/framework/src/Illuminate/Database/Connection.php:823)
[stacktrace]
#0 /media/vanny/DATA/BELTIE-YEAR-II/Semster2/Professional_Web_Devolopment_System/vendor/laravel/framework/src/Illuminate/Database/Connection.php(777): Illuminate\\Database\\Connection->runQueryCallback()
#1 /media/vanny/DATA/BELTIE-YEAR-II/Semster2/Professional_Web_Devolopment_System/vendor/laravel/framework/src/Illuminate/Database/Connection.php(396): Illuminate\\Database\\Connection->run()
#2 /media/vanny/DATA/BELTIE-YEAR-II/Semster2/Professional_Web_Devolopment_System/vendor/laravel/framework/src/Illuminate/Database/Query/Builder.php(3105): Illuminate\\Database\\Connection->select()
#3 /media/vanny/DATA/BELTIE-YEAR-II/Semster2/Professional_Web_Devolopment_System/vendor/laravel/framework/src/Illuminate/Database/Query/Builder.php(3090): Illuminate\\Database\\Query\\Builder->runSelect()
#4 /media/vanny/DATA/BELTIE-YEAR-II/Semster2/Professional_Web_Devolopment_System/vendor/laravel/framework/src/Illuminate/Database/Query/Builder.php(3677): Illuminate\\Database\\Query\\Builder->Illuminate\\Database\\Query\\{closure}()
#5 /media/vanny/DATA/BELTIE-YEAR-II/Semster2/Professional_Web_Devolopment_System/vendor/laravel/framework/src/Illuminate/Database/Query/Builder.php(3089): Illuminate\\Database\\Query\\Builder->onceWithColumns()
#6 /media/vanny/DATA/BELTIE-YEAR-II/Semster2/Professional_Web_Devolopment_System/vendor/laravel/framework/src/Illuminate/Database/Concerns/BuildsQueries.php(366): Illuminate\\Database\\Query\\Builder->get()
#7 /media/vanny/DATA/BELTIE-YEAR-II/Semster2/Professional_Web_Devolopment_System/vendor/laravel/framework/src/Illuminate/Database/Query/Builder.php(3012): Illuminate\\Database\\Query\\Builder->first()
#8 /media/vanny/DATA/BELTIE-YEAR-II/Semster2/Professional_Web_Devolopment_System/vendor/laravel/framework/src/Illuminate/Session/DatabaseSessionHandler.php(97): Illuminate\\Database\\Query\\Builder->find()
#9 /media/vanny/DATA/BELTIE-YEAR-II/Semster2/Professional_Web_Devolopment_System/vendor/laravel/framework/src/Illuminate/Session/Store.php(117): Illuminate\\Session\\DatabaseSessionHandler->read()
#10 /media/vanny/DATA/BELTIE-YEAR-II/Semster2/Professional_Web_Devolopment_System/vendor/laravel/framework/src/Illuminate/Session/Store.php(105): Illuminate\\Session\\Store->readFromHandler()
#11 /media/vanny/DATA/BELTIE-YEAR-II/Semster2/Professional_Web_Devolopment_System/vendor/laravel/framework/src/Illuminate/Session/Store.php(89): Illuminate\\Session\\Store->loadSession()
#12 /media/vanny/DATA/BELTIE-YEAR-II/Semster2/Professional_Web_Devolopment_System/vendor/laravel/framework/src/Illuminate/Session/Middleware/StartSession.php(147): Illuminate\\Session\\Store->start()
#13 /media/vanny/DATA/BELTIE-YEAR-II/Semster2/Professional_Web_Devolopment_System/vendor/laravel/framework/src/Illuminate/Support/helpers.php(399): Illuminate\\Session\\Middleware\\StartSession->Illuminate\\Session\\Middleware\\{closure}()
#14 /media/vanny/DATA/BELTIE-YEAR-II/Semster2/Professional_Web_Devolopment_System/vendor/laravel/framework/src/Illuminate/Session/Middleware/StartSession.php(144): tap()
#15 /media/vanny/DATA/BELTIE-YEAR-II/Semster2/Professional_Web_Devolopment_System/vendor/laravel/framework/src/Illuminate/Session/Middleware/StartSession.php(116): Illuminate\\Session\\Middleware\\StartSession->startSession()
#16 /media/vanny/DATA/BELTIE-YEAR-II/Semster2/Professional_Web_Devolopment_System/vendor/laravel/framework/src/Illuminate/Session/Middleware/StartSession.php(64): Illuminate\\Session\\Middleware\\StartSession->handleStatefulRequest()
#17 /media/vanny/DATA/BELTIE-YEAR-II/Semster2/Professional_Web_Devolopment_System/vendor/laravel/framework/src/Illuminate/Pipeline/Pipeline.php(209): Illuminate\\Session\\Middleware\\StartSession->handle()
#18 /media/vanny/DATA/BELTIE-YEAR-II/Semster2/Professional_Web_Devolopment_System/vendor/laravel/framework/src/Illuminate/Cookie/Middleware/AddQueuedCookiesToResponse.php(37): Illuminate\\Pipeline\\Pipeline->Illuminate\\Pipeline\\{closure}()
#19 /media/vanny/DATA/BELTIE-YEAR-II/Semster2/Professional_Web_Devolopment_System/vendor/laravel/framework/src/Illuminate/Pipeline/Pipeline.php(209): Illuminate\\Cookie\\Middleware\\AddQueuedCookiesToResponse->handle()
#20 /media/vanny/DATA/BELTIE-YEAR-II/Semster2/Professional_Web_Devolopment_System/vendor/laravel/framework/src/Illuminate/Cookie/Middleware/EncryptCookies.php(75): Illuminate\\Pipeline\\Pipeline->Illuminate\\Pipeline\\{closure}()
#21 /media/vanny/DATA/BELTIE-YEAR-II/Semster2/Professional_Web_Devolopment_System/vendor/laravel/framework/src/Illuminate/Pipeline/Pipeline.php(209): Illuminate\\Cookie\\Middleware\\EncryptCookies->handle()
#22 /media/vanny/DATA/BELTIE-YEAR-II/Semster2/Professional_Web_Devolopment_System/vendor/laravel/framework/src/Illuminate/Pipeline/Pipeline.php(127): Illuminate\\Pipeline\\Pipeline->Illuminate\\Pipeline\\{closure}()
#23 /media/vanny/DATA/BELTIE-YEAR-II/Semster2/Professional_Web_Devolopment_System/vendor/laravel/framework/src/Illuminate/Routing/Router.php(808): Illuminate\\Pipeline\\Pipeline->then()
#24 /media/vanny/DATA/BELTIE-YEAR-II/Semster2/Professional_Web_Devolopment_System/vendor/laravel/framework/src/Illuminate/Routing/Router.php(787): Illuminate\\Routing\\Router->runRouteWithinStack()
#25 /media/vanny/DATA/BELTIE-YEAR-II/Semster2/Professional_Web_Devolopment_System/vendor/laravel/framework/src/Illuminate/Routing/Router.php(751): Illuminate\\Routing\\Router->runRoute()
#26 /media/vanny/DATA/BELTIE-YEAR-II/Semster2/Professional_Web_Devolopment_System/vendor/laravel/framework/src/Illuminate/Routing/Router.php(740): Illuminate\\Routing\\Router->dispatchToRoute()
#27 /media/vanny/DATA/BELTIE-YEAR-II/Semster2/Professional_Web_Devolopment_System/vendor/laravel/framework/src/Illuminate/Foundation/Http/Kernel.php(201): Illuminate\\Routing\\Router->dispatch()
#28 /media/vanny/DATA/BELTIE-YEAR-II/Semster2/Professional_Web_Devolopment_System/vendor/laravel/framework/src/Illuminate/Pipeline/Pipeline.php(170): Illuminate\\Foundation\\Http\\Kernel->Illuminate\\Foundation\\Http\\{closure}()
#29 /media/vanny/DATA/BELTIE-YEAR-II/Semster2/Professional_Web_Devolopment_System/vendor/barryvdh/laravel-debugbar/src/Middleware/InjectDebugbar.php(66): Illuminate\\Pipeline\\Pipeline->Illuminate\\Pipeline\\{closure}()
#30 /media/vanny/DATA/BELTIE-YEAR-II/Semster2/Professional_Web_Devolopment_System/vendor/laravel/framework/src/Illuminate/Pipeline/Pipeline.php(209): Barryvdh\\Debugbar\\Middleware\\InjectDebugbar->handle()
#31 /media/vanny/DATA/BELTIE-YEAR-II/Semster2/Professional_Web_Devolopment_System/vendor/laravel/framework/src/Illuminate/Foundation/Http/Middleware/TransformsRequest.php(21): Illuminate\\Pipeline\\Pipeline->Illuminate\\Pipeline\\{closure}()
#32 /media/vanny/DATA/BELTIE-YEAR-II/Semster2/Professional_Web_Devolopment_System/vendor/laravel/framework/src/Illuminate/Foundation/Http/Middleware/ConvertEmptyStringsToNull.php(31): Illuminate\\Foundation\\Http\\Middleware\\TransformsRequest->handle()
#33 /media/vanny/DATA/BELTIE-YEAR-II/Semster2/Professional_Web_Devolopment_System/vendor/laravel/framework/src/Illuminate/Pipeline/Pipeline.php(209): Illuminate\\Foundation\\Http\\Middleware\\ConvertEmptyStringsToNull->handle()
#34 /media/vanny/DATA/BELTIE-YEAR-II/Semster2/Professional_Web_Devolopment_System/vendor/laravel/framework/src/Illuminate/Foundation/Http/Middleware/TransformsRequest.php(21): Illuminate\\Pipeline\\Pipeline->Illuminate\\Pipeline\\{closure}()
#35 /media/vanny/DATA/BELTIE-YEAR-II/Semster2/Professional_Web_Devolopment_System/vendor/laravel/framework/src/Illuminate/Foundation/Http/Middleware/TrimStrings.php(51): Illuminate\\Foundation\\Http\\Middleware\\TransformsRequest->handle()
#36 /media/vanny/DATA/BELTIE-YEAR-II/Semster2/Professional_Web_Devolopment_System/vendor/laravel/framework/src/Illuminate/Pipeline/Pipeline.php(209): Illuminate\\Foundation\\Http\\Middleware\\TrimStrings->handle()
#37 /media/vanny/DATA/BELTIE-YEAR-II/Semster2/Professional_Web_Devolopment_System/vendor/laravel/framework/src/Illuminate/Http/Middleware/ValidatePostSize.php(27): Illuminate\\Pipeline\\Pipeline->Illuminate\\Pipeline\\{closure}()
#38 /media/vanny/DATA/BELTIE-YEAR-II/Semster2/Professional_Web_Devolopment_System/vendor/laravel/framework/src/Illuminate/Pipeline/Pipeline.php(209): Illuminate\\Http\\Middleware\\ValidatePostSize->handle()
#39 /media/vanny/DATA/BELTIE-YEAR-II/Semster2/Professional_Web_Devolopment_System/vendor/laravel/framework/src/Illuminate/Foundation/Http/Middleware/PreventRequestsDuringMaintenance.php(110): Illuminate\\Pipeline\\Pipeline->Illuminate\\Pipeline\\{closure}()
#40 /media/vanny/DATA/BELTIE-YEAR-II/Semster2/Professional_Web_Devolopment_System/vendor/laravel/framework/src/Illuminate/Pipeline/Pipeline.php(209): Illuminate\\Foundation\\Http\\Middleware\\PreventRequestsDuringMaintenance->handle()
#41 /media/vanny/DATA/BELTIE-YEAR-II/Semster2/Professional_Web_Devolopment_System/vendor/laravel/framework/src/Illuminate/Http/Middleware/HandleCors.php(49): Illuminate\\Pipeline\\Pipeline->Illuminate\\Pipeline\\{closure}()
#42 /media/vanny/DATA/BELTIE-YEAR-II/Semster2/Professional_Web_Devolopment_System/vendor/laravel/framework/src/Illuminate/Pipeline/Pipeline.php(209): Illuminate\\Http\\Middleware\\HandleCors->handle()
#43 /media/vanny/DATA/BELTIE-YEAR-II/Semster2/Professional_Web_Devolopment_System/vendor/laravel/framework/src/Illuminate/Http/Middleware/TrustProxies.php(58): Illuminate\\Pipeline\\Pipeline->Illuminate\\Pipeline\\{closure}()
#44 /media/vanny/DATA/BELTIE-YEAR-II/Semster2/Professional_Web_Devolopment_System/vendor/laravel/framework/src/Illuminate/Pipeline/Pipeline.php(209): Illuminate\\Http\\Middleware\\TrustProxies->handle()
#45 /media/vanny/DATA/BELTIE-YEAR-II/Semster2/Professional_Web_Devolopment_System/vendor/laravel/framework/src/Illuminate/Foundation/Http/Middleware/InvokeDeferredCallbacks.php(22): Illuminate\\Pipeline\\Pipeline->Illuminate\\Pipeline\\{closure}()
#46 /media/vanny/DATA/BELTIE-YEAR-II/Semster2/Professional_Web_Devolopment_System/vendor/laravel/framework/src/Illuminate/Pipeline/Pipeline.php(209): Illuminate\\Foundation\\Http\\Middleware\\InvokeDeferredCallbacks->handle()
#47 /media/vanny/DATA/BELTIE-YEAR-II/Semster2/Professional_Web_Devolopment_System/vendor/laravel/framework/src/Illuminate/Http/Middleware/ValidatePathEncoding.php(26): Illuminate\\Pipeline\\Pipeline->Illuminate\\Pipeline\\{closure}()
#48 /media/vanny/DATA/BELTIE-YEAR-II/Semster2/Professional_Web_Devolopment_System/vendor/laravel/framework/src/Illuminate/Pipeline/Pipeline.php(209): Illuminate\\Http\\Middleware\\ValidatePathEncoding->handle()
#49 /media/vanny/DATA/BELTIE-YEAR-II/Semster2/Professional_Web_Devolopment_System/vendor/laravel/framework/src/Illuminate/Pipeline/Pipeline.php(127): Illuminate\\Pipeline\\Pipeline->Illuminate\\Pipeline\\{closure}()
#50 /media/vanny/DATA/BELTIE-YEAR-II/Semster2/Professional_Web_Devolopment_System/vendor/laravel/framework/src/Illuminate/Foundation/Http/Kernel.php(176): Illuminate\\Pipeline\\Pipeline->then()
#51 /media/vanny/DATA/BELTIE-YEAR-II/Semster2/Professional_Web_Devolopment_System/vendor/laravel/framework/src/Illuminate/Foundation/Http/Kernel.php(145): Illuminate\\Foundation\\Http\\Kernel->sendRequestThroughRouter()
#52 /media/vanny/DATA/BELTIE-YEAR-II/Semster2/Professional_Web_Devolopment_System/vendor/laravel/framework/src/Illuminate/Foundation/Application.php(1220): Illuminate\\Foundation\\Http\\Kernel->handle()
#53 /media/vanny/DATA/BELTIE-YEAR-II/Semster2/Professional_Web_Devolopment_System/public/index.php(20): Illuminate\\Foundation\\Application->handleRequest()
#54 /media/vanny/DATA/BELTIE-YEAR-II/Semster2/Professional_Web_Devolopment_System/vendor/laravel/framework/src/Illuminate/Foundation/resources/server.php(23): require_once('...')
#55 {main}

[previous exception] [object] (PDOException(code: 1698): SQLSTATE[HY000] [1698] Access denied for user 'root'@'localhost' at /media/vanny/DATA/BELTIE-YEAR-II/Semster2/Professional_Web_Devolopment_System/vendor/laravel/framework/src/Illuminate/Database/Connectors/Connector.php:66)
[stacktrace]
#0 /media/vanny/DATA/BELTIE-YEAR-II/Semster2/Professional_Web_Devolopment_System/vendor/laravel/framework/src/Illuminate/Database/Connectors/Connector.php(66): PDO->__construct()
#1 /media/vanny/DATA/BELTIE-YEAR-II/Semster2/Professional_Web_Devolopment_System/vendor/laravel/framework/src/Illuminate/Database/Connectors/Connector.php(44): Illuminate\\Database\\Connectors\\Connector->createPdoConnection()
#2 /media/vanny/DATA/BELTIE-YEAR-II/Semster2/Professional_Web_Devolopment_System/vendor/laravel/framework/src/Illuminate/Database/Connectors/MySqlConnector.php(24): Illuminate\\Database\\Connectors\\Connector->createConnection()
#3 /media/vanny/DATA/BELTIE-YEAR-II/Semster2/Professional_Web_Devolopment_System/vendor/laravel/framework/src/Illuminate/Database/Connectors/ConnectionFactory.php(185): Illuminate\\Database\\Connectors\\MySqlConnector->connect()
#4 [internal function]: Illuminate\\Database\\Connectors\\ConnectionFactory->Illuminate\\Database\\Connectors\\{closure}()
#5 /media/vanny/DATA/BELTIE-YEAR-II/Semster2/Professional_Web_Devolopment_System/vendor/laravel/framework/src/Illuminate/Database/Connection.php(1229): call_user_func()
#6 /media/vanny/DATA/BELTIE-YEAR-II/Semster2/Professional_Web_Devolopment_System/vendor/laravel/framework/src/Illuminate/Database/Connection.php(510): Illuminate\\Database\\Connection->getPdo()
#7 /media/vanny/DATA/BELTIE-YEAR-II/Semster2/Professional_Web_Devolopment_System/vendor/laravel/framework/src/Illuminate/Database/Connection.php(405): Illuminate\\Database\\Connection->getPdoForSelect()
#8 /media/vanny/DATA/BELTIE-YEAR-II/Semster2/Professional_Web_Devolopment_System/vendor/laravel/framework/src/Illuminate/Database/Connection.php(810): Illuminate\\Database\\Connection->Illuminate\\Database\\{closure}()
#9 /media/vanny/DATA/BELTIE-YEAR-II/Semster2/Professional_Web_Devolopment_System/vendor/laravel/framework/src/Illuminate/Database/Connection.php(777): Illuminate\\Database\\Connection->runQueryCallback()
#10 /media/vanny/DATA/BELTIE-YEAR-II/Semster2/Professional_Web_Devolopment_System/vendor/laravel/framework/src/Illuminate/Database/Connection.php(396): Illuminate\\Database\\Connection->run()
#11 /media/vanny/DATA/BELTIE-YEAR-II/Semster2/Professional_Web_Devolopment_System/vendor/laravel/framework/src/Illuminate/Database/Query/Builder.php(3105): Illuminate\\Database\\Connection->select()
#12 /media/vanny/DATA/BELTIE-YEAR-II/Semster2/Professional_Web_Devolopment_System/vendor/laravel/framework/src/Illuminate/Database/Query/Builder.php(3090): Illuminate\\Database\\Query\\Builder->runSelect()
#13 /media/vanny/DATA/BELTIE-YEAR-II/Semster2/Professional_Web_Devolopment_System/vendor/laravel/framework/src/Illuminate/Database/Query/Builder.php(3677): Illuminate\\Database\\Query\\Builder->Illuminate\\Database\\Query\\{closure}()
#14 /media/vanny/DATA/BELTIE-YEAR-II/Semster2/Professional_Web_Devolopment_System/vendor/laravel/framework/src/Illuminate/Database/Query/Builder.php(3089): Illuminate\\Database\\Query\\Builder->onceWithColumns()
#15 /media/vanny/DATA/BELTIE-YEAR-II/Semster2/Professional_Web_Devolopment_System/vendor/laravel/framework/src/Illuminate/Database/Concerns/BuildsQueries.php(366): Illuminate\\Database\\Query\\Builder->get()
#16 /media/vanny/DATA/BELTIE-YEAR-II/Semster2/Professional_Web_Devolopment_System/vendor/laravel/framework/src/Illuminate/Database/Query/Builder.php(3012): Illuminate\\Database\\Query\\Builder->first()
#17 /media/vanny/DATA/BELTIE-YEAR-II/Semster2/Professional_Web_Devolopment_System/vendor/laravel/framework/src/Illuminate/Session/DatabaseSessionHandler.php(97): Illuminate\\Database\\Query\\Builder->find()
#18 /media/vanny/DATA/BELTIE-YEAR-II/Semster2/Professional_Web_Devolopment_System/vendor/laravel/framework/src/Illuminate/Session/Store.php(117): Illuminate\\Session\\DatabaseSessionHandler->read()
#19 /media/vanny/DATA/BELTIE-YEAR-II/Semster2/Professional_Web_Devolopment_System/vendor/laravel/framework/src/Illuminate/Session/Store.php(105): Illuminate\\Session\\Store->readFromHandler()
#20 /media/vanny/DATA/BELTIE-YEAR-II/Semster2/Professional_Web_Devolopment_System/vendor/laravel/framework/src/Illuminate/Session/Store.php(89): Illuminate\\Session\\Store->loadSession()
#21 /media/vanny/DATA/BELTIE-YEAR-II/Semster2/Professional_Web_Devolopment_System/vendor/laravel/framework/src/Illuminate/Session/Middleware/StartSession.php(147): Illuminate\\Session\\Store->start()
#22 /media/vanny/DATA/BELTIE-YEAR-II/Semster2/Professional_Web_Devolopment_System/vendor/laravel/framework/src/Illuminate/Support/helpers.php(399): Illuminate\\Session\\Middleware\\StartSession->Illuminate\\Session\\Middleware\\{closure}()
#23 /media/vanny/DATA/BELTIE-YEAR-II/Semster2/Professional_Web_Devolopment_System/vendor/laravel/framework/src/Illuminate/Session/Middleware/StartSession.php(144): tap()
#24 /media/vanny/DATA/BELTIE-YEAR-II/Semster2/Professional_Web_Devolopment_System/vendor/laravel/framework/src/Illuminate/Session/Middleware/StartSession.php(116): Illuminate\\Session\\Middleware\\StartSession->startSession()
#25 /media/vanny/DATA/BELTIE-YEAR-II/Semster2/Professional_Web_Devolopment_System/vendor/laravel/framework/src/Illuminate/Session/Middleware/StartSession.php(64): Illuminate\\Session\\Middleware\\StartSession->handleStatefulRequest()
#26 /media/vanny/DATA/BELTIE-YEAR-II/Semster2/Professional_Web_Devolopment_System/vendor/laravel/framework/src/Illuminate/Pipeline/Pipeline.php(209): Illuminate\\Session\\Middleware\\StartSession->handle()
#27 /media/vanny/DATA/BELTIE-YEAR-II/Semster2/Professional_Web_Devolopment_System/vendor/laravel/framework/src/Illuminate/Cookie/Middleware/AddQueuedCookiesToResponse.php(37): Illuminate\\Pipeline\\Pipeline->Illuminate\\Pipeline\\{closure}()
#28 /media/vanny/DATA/BELTIE-YEAR-II/Semster2/Professional_Web_Devolopment_System/vendor/laravel/framework/src/Illuminate/Pipeline/Pipeline.php(209): Illuminate\\Cookie\\Middleware\\AddQueuedCookiesToResponse->handle()
#29 /media/vanny/DATA/BELTIE-YEAR-II/Semster2/Professional_Web_Devolopment_System/vendor/laravel/framework/src/Illuminate/Cookie/Middleware/EncryptCookies.php(75): Illuminate\\Pipeline\\Pipeline->Illuminate\\Pipeline\\{closure}()
#30 /media/vanny/DATA/BELTIE-YEAR-II/Semster2/Professional_Web_Devolopment_System/vendor/laravel/framework/src/Illuminate/Pipeline/Pipeline.php(209): Illuminate\\Cookie\\Middleware\\EncryptCookies->handle()
#31 /media/vanny/DATA/BELTIE-YEAR-II/Semster2/Professional_Web_Devolopment_System/vendor/laravel/framework/src/Illuminate/Pipeline/Pipeline.php(127): Illuminate\\Pipeline\\Pipeline->Illuminate\\Pipeline\\{closure}()
#32 /media/vanny/DATA/BELTIE-YEAR-II/Semster2/Professional_Web_Devolopment_System/vendor/laravel/framework/src/Illuminate/Routing/Router.php(808): Illuminate\\Pipeline\\Pipeline->then()
#33 /media/vanny/DATA/BELTIE-YEAR-II/Semster2/Professional_Web_Devolopment_System/vendor/laravel/framework/src/Illuminate/Routing/Router.php(787): Illuminate\\Routing\\Router->runRouteWithinStack()
#34 /media/vanny/DATA/BELTIE-YEAR-II/Semster2/Professional_Web_Devolopment_System/vendor/laravel/framework/src/Illuminate/Routing/Router.php(751): Illuminate\\Routing\\Router->runRoute()
#35 /media/vanny/DATA/BELTIE-YEAR-II/Semster2/Professional_Web_Devolopment_System/vendor/laravel/framework/src/Illuminate/Routing/Router.php(740): Illuminate\\Routing\\Router->dispatchToRoute()
#36 /media/vanny/DATA/BELTIE-YEAR-II/Semster2/Professional_Web_Devolopment_System/vendor/laravel/framework/src/Illuminate/Foundation/Http/Kernel.php(201): Illuminate\\Routing\\Router->dispatch()
#37 /media/vanny/DATA/BELTIE-YEAR-II/Semster2/Professional_Web_Devolopment_System/vendor/laravel/framework/src/Illuminate/Pipeline/Pipeline.php(170): Illuminate\\Foundation\\Http\\Kernel->Illuminate\\Foundation\\Http\\{closure}()
#38 /media/vanny/DATA/BELTIE-YEAR-II/Semster2/Professional_Web_Devolopment_System/vendor/barryvdh/laravel-debugbar/src/Middleware/InjectDebugbar.php(66): Illuminate\\Pipeline\\Pipeline->Illuminate\\Pipeline\\{closure}()
#39 /media/vanny/DATA/BELTIE-YEAR-II/Semster2/Professional_Web_Devolopment_System/vendor/laravel/framework/src/Illuminate/Pipeline/Pipeline.php(209): Barryvdh\\Debugbar\\Middleware\\InjectDebugbar->handle()
#40 /media/vanny/DATA/BELTIE-YEAR-II/Semster2/Professional_Web_Devolopment_System/vendor/laravel/framework/src/Illuminate/Foundation/Http/Middleware/TransformsRequest.php(21): Illuminate\\Pipeline\\Pipeline->Illuminate\\Pipeline\\{closure}()
#41 /media/vanny/DATA/BELTIE-YEAR-II/Semster2/Professional_Web_Devolopment_System/vendor/laravel/framework/src/Illuminate/Foundation/Http/Middleware/ConvertEmptyStringsToNull.php(31): Illuminate\\Foundation\\Http\\Middleware\\TransformsRequest->handle()
#42 /media/vanny/DATA/BELTIE-YEAR-II/Semster2/Professional_Web_Devolopment_System/vendor/laravel/framework/src/Illuminate/Pipeline/Pipeline.php(209): Illuminate\\Foundation\\Http\\Middleware\\ConvertEmptyStringsToNull->handle()
#43 /media/vanny/DATA/BELTIE-YEAR-II/Semster2/Professional_Web_Devolopment_System/vendor/laravel/framework/src/Illuminate/Foundation/Http/Middleware/TransformsRequest.php(21): Illuminate\\Pipeline\\Pipeline->Illuminate\\Pipeline\\{closure}()
#44 /media/vanny/DATA/BELTIE-YEAR-II/Semster2/Professional_Web_Devolopment_System/vendor/laravel/framework/src/Illuminate/Foundation/Http/Middleware/TrimStrings.php(51): Illuminate\\Foundation\\Http\\Middleware\\TransformsRequest->handle()
#45 /media/vanny/DATA/BELTIE-YEAR-II/Semster2/Professional_Web_Devolopment_System/vendor/laravel/framework/src/Illuminate/Pipeline/Pipeline.php(209): Illuminate\\Foundation\\Http\\Middleware\\TrimStrings->handle()
#46 /media/vanny/DATA/BELTIE-YEAR-II/Semster2/Professional_Web_Devolopment_System/vendor/laravel/framework/src/Illuminate/Http/Middleware/ValidatePostSize.php(27): Illuminate\\Pipeline\\Pipeline->Illuminate\\Pipeline\\{closure}()
#47 /media/vanny/DATA/BELTIE-YEAR-II/Semster2/Professional_Web_Devolopment_System/vendor/laravel/framework/src/Illuminate/Pipeline/Pipeline.php(209): Illuminate\\Http\\Middleware\\ValidatePostSize->handle()
#48 /media/vanny/DATA/BELTIE-YEAR-II/Semster2/Professional_Web_Devolopment_System/vendor/laravel/framework/src/Illuminate/Foundation/Http/Middleware/PreventRequestsDuringMaintenance.php(110): Illuminate\\Pipeline\\Pipeline->Illuminate\\Pipeline\\{closure}()
#49 /media/vanny/DATA/BELTIE-YEAR-II/Semster2/Professional_Web_Devolopment_System/vendor/laravel/framework/src/Illuminate/Pipeline/Pipeline.php(209): Illuminate\\Foundation\\Http\\Middleware\\PreventRequestsDuringMaintenance->handle()
#50 /media/vanny/DATA/BELTIE-YEAR-II/Semster2/Professional_Web_Devolopment_System/vendor/laravel/framework/src/Illuminate/Http/Middleware/HandleCors.php(49): Illuminate\\Pipeline\\Pipeline->Illuminate\\Pipeline\\{closure}()
#51 /media/vanny/DATA/BELTIE-YEAR-II/Semster2/Professional_Web_Devolopment_System/vendor/laravel/framework/src/Illuminate/Pipeline/Pipeline.php(209): Illuminate\\Http\\Middleware\\HandleCors->handle()
#52 /media/vanny/DATA/BELTIE-YEAR-II/Semster2/Professional_Web_Devolopment_System/vendor/laravel/framework/src/Illuminate/Http/Middleware/TrustProxies.php(58): Illuminate\\Pipeline\\Pipeline->Illuminate\\Pipeline\\{closure}()
#53 /media/vanny/DATA/BELTIE-YEAR-II/Semster2/Professional_Web_Devolopment_System/vendor/laravel/framework/src/Illuminate/Pipeline/Pipeline.php(209): Illuminate\\Http\\Middleware\\TrustProxies->handle()
#54 /media/vanny/DATA/BELTIE-YEAR-II/Semster2/Professional_Web_Devolopment_System/vendor/laravel/framework/src/Illuminate/Foundation/Http/Middleware/InvokeDeferredCallbacks.php(22): Illuminate\\Pipeline\\Pipeline->Illuminate\\Pipeline\\{closure}()
#55 /media/vanny/DATA/BELTIE-YEAR-II/Semster2/Professional_Web_Devolopment_System/vendor/laravel/framework/src/Illuminate/Pipeline/Pipeline.php(209): Illuminate\\Foundation\\Http\\Middleware\\InvokeDeferredCallbacks->handle()
#56 /media/vanny/DATA/BELTIE-YEAR-II/Semster2/Professional_Web_Devolopment_System/vendor/laravel/framework/src/Illuminate/Http/Middleware/ValidatePathEncoding.php(26): Illuminate\\Pipeline\\Pipeline->Illuminate\\Pipeline\\{closure}()
#57 /media/vanny/DATA/BELTIE-YEAR-II/Semster2/Professional_Web_Devolopment_System/vendor/laravel/framework/src/Illuminate/Pipeline/Pipeline.php(209): Illuminate\\Http\\Middleware\\ValidatePathEncoding->handle()
#58 /media/vanny/DATA/BELTIE-YEAR-II/Semster2/Professional_Web_Devolopment_System/vendor/laravel/framework/src/Illuminate/Pipeline/Pipeline.php(127): Illuminate\\Pipeline\\Pipeline->Illuminate\\Pipeline\\{closure}()
#59 /media/vanny/DATA/BELTIE-YEAR-II/Semster2/Professional_Web_Devolopment_System/vendor/laravel/framework/src/Illuminate/Foundation/Http/Kernel.php(176): Illuminate\\Pipeline\\Pipeline->then()
#60 /media/vanny/DATA/BELTIE-YEAR-II/Semster2/Professional_Web_Devolopment_System/vendor/laravel/framework/src/Illuminate/Foundation/Http/Kernel.php(145): Illuminate\\Foundation\\Http\\Kernel->sendRequestThroughRouter()
#61 /media/vanny/DATA/BELTIE-YEAR-II/Semster2/Professional_Web_Devolopment_System/vendor/laravel/framework/src/Illuminate/Foundation/Application.php(1220): Illuminate\\Foundation\\Http\\Kernel->handle()
#62 /media/vanny/DATA/BELTIE-YEAR-II/Semster2/Professional_Web_Devolopment_System/public/index.php(20): Illuminate\\Foundation\\Application->handleRequest()
#63 /media/vanny/DATA/BELTIE-YEAR-II/Semster2/Professional_Web_Devolopment_System/vendor/laravel/framework/src/Illuminate/Foundation/resources/server.php(23): require_once('...')
#64 {main}
"} 
[2025-07-02 18:34:15] local.ERROR: Debugbar exception: SQLSTATE[HY000] [1698] Access denied for user 'root'@'localhost' (Connection: mysql, SQL: select * from `sessions` where `id` = 2SEqWXJZXqWHJS58m0AKdNfylIUE4OaJzp3FH6O8 limit 1)  
