[2025-07-02 18:34:38] local.ERROR: The "C:\xampp\htdocs\laravel\Professional_Web_Devolopment_System\resources\views" directory does not exist. {"exception":"[object] (Symfony\\Component\\Finder\\Exception\\DirectoryNotFoundException(code: 0): The \"C:\\xampp\\htdocs\\laravel\\Professional_Web_Devolopment_System\\resources\\views\" directory does not exist. at /media/vanny/DATA/BELTIE-YEAR-II/Semster2/Professional_Web_Devolopment_System/vendor/symfony/finder/Finder.php:646)
[stacktrace]
#0 /media/vanny/DATA/BELTIE-YEAR-II/Semster2/Professional_Web_Devolopment_System/vendor/laravel/framework/src/Illuminate/Foundation/Console/ViewCacheCommand.php(88): Symfony\\Component\\Finder\\Finder->in()
#1 /media/vanny/DATA/BELTIE-YEAR-II/Semster2/Professional_Web_Devolopment_System/vendor/laravel/framework/src/Illuminate/Foundation/Console/ViewCacheCommand.php(43): Illuminate\\Foundation\\Console\\ViewCacheCommand->bladeFilesIn()
#2 /media/vanny/DATA/BELTIE-YEAR-II/Semster2/Professional_Web_Devolopment_System/vendor/laravel/framework/src/Illuminate/Collections/Traits/EnumeratesValues.php(261): Illuminate\\Foundation\\Console\\ViewCacheCommand->Illuminate\\Foundation\\Console\\{closure}()
#3 /media/vanny/DATA/BELTIE-YEAR-II/Semster2/Professional_Web_Devolopment_System/vendor/laravel/framework/src/Illuminate/Foundation/Console/ViewCacheCommand.php(38): Illuminate\\Support\\Collection->each()
#4 /media/vanny/DATA/BELTIE-YEAR-II/Semster2/Professional_Web_Devolopment_System/vendor/laravel/framework/src/Illuminate/Container/BoundMethod.php(36): Illuminate\\Foundation\\Console\\ViewCacheCommand->handle()
#5 /media/vanny/DATA/BELTIE-YEAR-II/Semster2/Professional_Web_Devolopment_System/vendor/laravel/framework/src/Illuminate/Container/Util.php(43): Illuminate\\Container\\BoundMethod::Illuminate\\Container\\{closure}()
#6 /media/vanny/DATA/BELTIE-YEAR-II/Semster2/Professional_Web_Devolopment_System/vendor/laravel/framework/src/Illuminate/Container/BoundMethod.php(96): Illuminate\\Container\\Util::unwrapIfClosure()
#7 /media/vanny/DATA/BELTIE-YEAR-II/Semster2/Professional_Web_Devolopment_System/vendor/laravel/framework/src/Illuminate/Container/BoundMethod.php(35): Illuminate\\Container\\BoundMethod::callBoundMethod()
#8 /media/vanny/DATA/BELTIE-YEAR-II/Semster2/Professional_Web_Devolopment_System/vendor/laravel/framework/src/Illuminate/Container/Container.php(754): Illuminate\\Container\\BoundMethod::call()
#9 /media/vanny/DATA/BELTIE-YEAR-II/Semster2/Professional_Web_Devolopment_System/vendor/laravel/framework/src/Illuminate/Console/Command.php(213): Illuminate\\Container\\Container->call()
#10 /media/vanny/DATA/BELTIE-YEAR-II/Semster2/Professional_Web_Devolopment_System/vendor/symfony/console/Command/Command.php(279): Illuminate\\Console\\Command->execute()
#11 /media/vanny/DATA/BELTIE-YEAR-II/Semster2/Professional_Web_Devolopment_System/vendor/laravel/framework/src/Illuminate/Console/Command.php(182): Symfony\\Component\\Console\\Command\\Command->run()
#12 /media/vanny/DATA/BELTIE-YEAR-II/Semster2/Professional_Web_Devolopment_System/vendor/laravel/framework/src/Illuminate/Console/Concerns/CallsCommands.php(68): Illuminate\\Console\\Command->run()
#13 /media/vanny/DATA/BELTIE-YEAR-II/Semster2/Professional_Web_Devolopment_System/vendor/laravel/framework/src/Illuminate/Console/Concerns/CallsCommands.php(41): Illuminate\\Console\\Command->runCommand()
#14 /media/vanny/DATA/BELTIE-YEAR-II/Semster2/Professional_Web_Devolopment_System/vendor/laravel/framework/src/Illuminate/Console/Concerns/CallsCommands.php(53): Illuminate\\Console\\Command->callSilent()
#15 /media/vanny/DATA/BELTIE-YEAR-II/Semster2/Professional_Web_Devolopment_System/vendor/laravel/framework/src/Illuminate/Foundation/Console/OptimizeCommand.php(48): Illuminate\\Console\\Command->callSilently()
#16 /media/vanny/DATA/BELTIE-YEAR-II/Semster2/Professional_Web_Devolopment_System/vendor/laravel/framework/src/Illuminate/Console/View/Components/Task.php(40): Illuminate\\Foundation\\Console\\OptimizeCommand->Illuminate\\Foundation\\Console\\{closure}()
#17 /media/vanny/DATA/BELTIE-YEAR-II/Semster2/Professional_Web_Devolopment_System/vendor/laravel/framework/src/Illuminate/Console/View/Components/Factory.php(60): Illuminate\\Console\\View\\Components\\Task->render()
#18 /media/vanny/DATA/BELTIE-YEAR-II/Semster2/Professional_Web_Devolopment_System/vendor/laravel/framework/src/Illuminate/Foundation/Console/OptimizeCommand.php(48): Illuminate\\Console\\View\\Components\\Factory->__call()
#19 /media/vanny/DATA/BELTIE-YEAR-II/Semster2/Professional_Web_Devolopment_System/vendor/laravel/framework/src/Illuminate/Container/BoundMethod.php(36): Illuminate\\Foundation\\Console\\OptimizeCommand->handle()
#20 /media/vanny/DATA/BELTIE-YEAR-II/Semster2/Professional_Web_Devolopment_System/vendor/laravel/framework/src/Illuminate/Container/Util.php(43): Illuminate\\Container\\BoundMethod::Illuminate\\Container\\{closure}()
#21 /media/vanny/DATA/BELTIE-YEAR-II/Semster2/Professional_Web_Devolopment_System/vendor/laravel/framework/src/Illuminate/Container/BoundMethod.php(96): Illuminate\\Container\\Util::unwrapIfClosure()
#22 /media/vanny/DATA/BELTIE-YEAR-II/Semster2/Professional_Web_Devolopment_System/vendor/laravel/framework/src/Illuminate/Container/BoundMethod.php(35): Illuminate\\Container\\BoundMethod::callBoundMethod()
#23 /media/vanny/DATA/BELTIE-YEAR-II/Semster2/Professional_Web_Devolopment_System/vendor/laravel/framework/src/Illuminate/Container/Container.php(754): Illuminate\\Container\\BoundMethod::call()
#24 /media/vanny/DATA/BELTIE-YEAR-II/Semster2/Professional_Web_Devolopment_System/vendor/laravel/framework/src/Illuminate/Console/Command.php(213): Illuminate\\Container\\Container->call()
#25 /media/vanny/DATA/BELTIE-YEAR-II/Semster2/Professional_Web_Devolopment_System/vendor/symfony/console/Command/Command.php(279): Illuminate\\Console\\Command->execute()
#26 /media/vanny/DATA/BELTIE-YEAR-II/Semster2/Professional_Web_Devolopment_System/vendor/laravel/framework/src/Illuminate/Console/Command.php(182): Symfony\\Component\\Console\\Command\\Command->run()
#27 /media/vanny/DATA/BELTIE-YEAR-II/Semster2/Professional_Web_Devolopment_System/vendor/symfony/console/Application.php(1094): Illuminate\\Console\\Command->run()
#28 /media/vanny/DATA/BELTIE-YEAR-II/Semster2/Professional_Web_Devolopment_System/vendor/symfony/console/Application.php(342): Symfony\\Component\\Console\\Application->doRunCommand()
#29 /media/vanny/DATA/BELTIE-YEAR-II/Semster2/Professional_Web_Devolopment_System/vendor/symfony/console/Application.php(193): Symfony\\Component\\Console\\Application->doRun()
#30 /media/vanny/DATA/BELTIE-YEAR-II/Semster2/Professional_Web_Devolopment_System/vendor/laravel/framework/src/Illuminate/Foundation/Console/Kernel.php(198): Symfony\\Component\\Console\\Application->run()
#31 /media/vanny/DATA/BELTIE-YEAR-II/Semster2/Professional_Web_Devolopment_System/vendor/laravel/framework/src/Illuminate/Foundation/Application.php(1235): Illuminate\\Foundation\\Console\\Kernel->handle()
#32 /media/vanny/DATA/BELTIE-YEAR-II/Semster2/Professional_Web_Devolopment_System/artisan(16): Illuminate\\Foundation\\Application->handleCommand()
#33 {main}
"} 
